Round   0 	 Average Loss 2.304 	 Testing accuracy: 10.00 	 CommOverhead_PerIter: 115545881types 	 Time taken: 7.42s
Round   1 	 Average Loss 2.315 	 Testing accuracy: 12.01 	 CommOverhead_PerIter: 115545897types 	 Time taken: 12.82s
Round   2 	 Average Loss 2.291 	 Testing accuracy: 10.80 	 CommOverhead_PerIter: 115545919types 	 Time taken: 18.19s
Round   3 	 Average Loss 2.309 	 Testing accuracy: 11.09 	 CommOverhead_PerIter: 115545923types 	 Time taken: 23.59s
Round   4 	 Average Loss 2.291 	 Testing accuracy: 10.27 	 CommOverhead_PerIter: 115545915types 	 Time taken: 28.98s
Round   5 	 Average Loss 2.320 	 Testing accuracy: 12.52 	 CommOverhead_PerIter: 115545915types 	 Time taken: 34.38s
Round   6 	 Average Loss 2.269 	 Testing accuracy: 11.46 	 CommOverhead_PerIter: 115545923types 	 Time taken: 39.75s
Round   7 	 Average Loss 2.315 	 Testing accuracy: 13.78 	 CommOverhead_PerIter: 115545919types 	 Time taken: 45.15s
Round   8 	 Average Loss 2.262 	 Testing accuracy: 14.33 	 CommOverhead_PerIter: 115545925types 	 Time taken: 50.53s
Round   9 	 Average Loss 2.299 	 Testing accuracy: 11.71 	 CommOverhead_PerIter: 115545921types 	 Time taken: 55.91s
Round  10 	 Average Loss 2.285 	 Testing accuracy: 12.97 	 CommOverhead_PerIter: 115545923types 	 Time taken: 61.31s
Round  11 	 Average Loss 2.300 	 Testing accuracy: 13.40 	 CommOverhead_PerIter: 115545925types 	 Time taken: 66.66s
Round  12 	 Average Loss 2.272 	 Testing accuracy: 12.55 	 CommOverhead_PerIter: 115545933types 	 Time taken: 72.07s
Round  13 	 Average Loss 2.271 	 Testing accuracy: 12.23 	 CommOverhead_PerIter: 115545931types 	 Time taken: 77.47s
Round  14 	 Average Loss 2.295 	 Testing accuracy: 14.28 	 CommOverhead_PerIter: 115545915types 	 Time taken: 82.89s
Round  15 	 Average Loss 2.271 	 Testing accuracy: 13.17 	 CommOverhead_PerIter: 115545925types 	 Time taken: 88.28s
Round  16 	 Average Loss 2.302 	 Testing accuracy: 15.19 	 CommOverhead_PerIter: 115545923types 	 Time taken: 93.65s
Round  17 	 Average Loss 2.218 	 Testing accuracy: 14.63 	 CommOverhead_PerIter: 115545919types 	 Time taken: 99.05s
Round  18 	 Average Loss 2.275 	 Testing accuracy: 15.12 	 CommOverhead_PerIter: 115545927types 	 Time taken: 104.45s
Round  19 	 Average Loss 2.245 	 Testing accuracy: 14.24 	 CommOverhead_PerIter: 115545931types 	 Time taken: 109.83s
Round  20 	 Average Loss 2.290 	 Testing accuracy: 15.61 	 CommOverhead_PerIter: 115545929types 	 Time taken: 115.24s
Round  21 	 Average Loss 2.276 	 Testing accuracy: 15.15 	 CommOverhead_PerIter: 115545933types 	 Time taken: 120.65s
Round  22 	 Average Loss 2.251 	 Testing accuracy: 15.47 	 CommOverhead_PerIter: 115545929types 	 Time taken: 126.07s
Round  23 	 Average Loss 2.300 	 Testing accuracy: 17.58 	 CommOverhead_PerIter: 115545921types 	 Time taken: 131.43s
Round  24 	 Average Loss 2.253 	 Testing accuracy: 16.90 	 CommOverhead_PerIter: 115545933types 	 Time taken: 136.83s
Round  25 	 Average Loss 2.255 	 Testing accuracy: 16.90 	 CommOverhead_PerIter: 115545929types 	 Time taken: 142.22s
Round  26 	 Average Loss 2.248 	 Testing accuracy: 17.13 	 CommOverhead_PerIter: 115545929types 	 Time taken: 147.61s
Round  27 	 Average Loss 2.276 	 Testing accuracy: 16.58 	 CommOverhead_PerIter: 115545935types 	 Time taken: 153.03s
Round  28 	 Average Loss 2.268 	 Testing accuracy: 16.63 	 CommOverhead_PerIter: 115545923types 	 Time taken: 158.42s
Round  29 	 Average Loss 2.242 	 Testing accuracy: 15.38 	 CommOverhead_PerIter: 115545921types 	 Time taken: 163.83s
Round  30 	 Average Loss 2.325 	 Testing accuracy: 16.38 	 CommOverhead_PerIter: 115545935types 	 Time taken: 169.25s
Round  31 	 Average Loss 2.279 	 Testing accuracy: 19.19 	 CommOverhead_PerIter: 115545927types 	 Time taken: 174.68s
Round  32 	 Average Loss 2.259 	 Testing accuracy: 18.03 	 CommOverhead_PerIter: 115545923types 	 Time taken: 180.09s
Round  33 	 Average Loss 2.317 	 Testing accuracy: 18.82 	 CommOverhead_PerIter: 115545933types 	 Time taken: 185.49s
Round  34 	 Average Loss 2.260 	 Testing accuracy: 17.14 	 CommOverhead_PerIter: 115545925types 	 Time taken: 190.97s
Round  35 	 Average Loss 2.312 	 Testing accuracy: 18.92 	 CommOverhead_PerIter: 115545881types 	 Time taken: 196.37s
Round  36 	 Average Loss 2.223 	 Testing accuracy: 14.41 	 CommOverhead_PerIter: 115545913types 	 Time taken: 201.78s
Round  37 	 Average Loss 2.327 	 Testing accuracy: 16.59 	 CommOverhead_PerIter: 115545911types 	 Time taken: 207.12s
Round  38 	 Average Loss 2.410 	 Testing accuracy: 16.30 	 CommOverhead_PerIter: 115545907types 	 Time taken: 212.40s
Round  39 	 Average Loss 2.321 	 Testing accuracy: 17.49 	 CommOverhead_PerIter: 115545915types 	 Time taken: 217.77s
Round  40 	 Average Loss 2.441 	 Testing accuracy: 16.96 	 CommOverhead_PerIter: 115545919types 	 Time taken: 223.15s
Round  41 	 Average Loss 2.433 	 Testing accuracy: 17.77 	 CommOverhead_PerIter: 115545921types 	 Time taken: 228.55s
Round  42 	 Average Loss 2.275 	 Testing accuracy: 15.21 	 CommOverhead_PerIter: 115545915types 	 Time taken: 233.94s
Round  43 	 Average Loss 2.511 	 Testing accuracy: 18.36 	 CommOverhead_PerIter: 115545925types 	 Time taken: 239.28s
Round  44 	 Average Loss 2.327 	 Testing accuracy: 17.86 	 CommOverhead_PerIter: 115545921types 	 Time taken: 244.68s
Round  45 	 Average Loss 2.409 	 Testing accuracy: 16.45 	 CommOverhead_PerIter: 115545937types 	 Time taken: 250.05s
Round  46 	 Average Loss 2.609 	 Testing accuracy: 17.60 	 CommOverhead_PerIter: 115545921types 	 Time taken: 255.44s
Round  47 	 Average Loss 2.380 	 Testing accuracy: 18.57 	 CommOverhead_PerIter: 115545921types 	 Time taken: 260.82s
Round  48 	 Average Loss 2.492 	 Testing accuracy: 18.21 	 CommOverhead_PerIter: 115545923types 	 Time taken: 266.21s
Round  49 	 Average Loss 2.430 	 Testing accuracy: 16.89 	 CommOverhead_PerIter: 115545929types 	 Time taken: 271.15s
Round  50 	 Average Loss 2.452 	 Testing accuracy: 17.88 	 CommOverhead_PerIter: 115545931types 	 Time taken: 275.78s
Round  51 	 Average Loss 2.518 	 Testing accuracy: 17.17 	 CommOverhead_PerIter: 115545919types 	 Time taken: 280.40s
Round  52 	 Average Loss 2.485 	 Testing accuracy: 17.11 	 CommOverhead_PerIter: 115545927types 	 Time taken: 285.04s
Round  53 	 Average Loss 2.512 	 Testing accuracy: 16.87 	 CommOverhead_PerIter: 115545925types 	 Time taken: 289.59s
Round  54 	 Average Loss 2.377 	 Testing accuracy: 15.58 	 CommOverhead_PerIter: 115545927types 	 Time taken: 294.27s
Round  55 	 Average Loss 2.773 	 Testing accuracy: 17.45 	 CommOverhead_PerIter: 115545933types 	 Time taken: 298.92s
Round  56 	 Average Loss 2.530 	 Testing accuracy: 19.02 	 CommOverhead_PerIter: 115545929types 	 Time taken: 303.65s
Round  57 	 Average Loss 2.360 	 Testing accuracy: 19.55 	 CommOverhead_PerIter: 115545917types 	 Time taken: 308.38s
Round  58 	 Average Loss 2.508 	 Testing accuracy: 19.71 	 CommOverhead_PerIter: 115545935types 	 Time taken: 312.96s
Round  59 	 Average Loss 2.416 	 Testing accuracy: 18.06 	 CommOverhead_PerIter: 115545923types 	 Time taken: 317.70s
Round  60 	 Average Loss 2.455 	 Testing accuracy: 18.46 	 CommOverhead_PerIter: 115545889types 	 Time taken: 322.39s
Round  61 	 Average Loss 2.506 	 Testing accuracy: 17.85 	 CommOverhead_PerIter: 115545895types 	 Time taken: 327.16s
Round  62 	 Average Loss 2.538 	 Testing accuracy: 18.12 	 CommOverhead_PerIter: 115545923types 	 Time taken: 331.86s
Round  63 	 Average Loss 2.643 	 Testing accuracy: 19.08 	 CommOverhead_PerIter: 115545915types 	 Time taken: 336.44s
Round  64 	 Average Loss 2.405 	 Testing accuracy: 19.40 	 CommOverhead_PerIter: 115545923types 	 Time taken: 341.21s
Round  65 	 Average Loss 2.606 	 Testing accuracy: 19.12 	 CommOverhead_PerIter: 115545915types 	 Time taken: 345.85s
Round  66 	 Average Loss 2.510 	 Testing accuracy: 19.86 	 CommOverhead_PerIter: 115545919types 	 Time taken: 350.42s
Round  67 	 Average Loss 2.691 	 Testing accuracy: 18.91 	 CommOverhead_PerIter: 115545925types 	 Time taken: 354.84s
Round  68 	 Average Loss 2.484 	 Testing accuracy: 18.88 	 CommOverhead_PerIter: 115545919types 	 Time taken: 359.12s
Round  69 	 Average Loss 2.823 	 Testing accuracy: 19.02 	 CommOverhead_PerIter: 115545925types 	 Time taken: 363.42s
Round  70 	 Average Loss 2.584 	 Testing accuracy: 20.64 	 CommOverhead_PerIter: 115545929types 	 Time taken: 367.76s
Round  71 	 Average Loss 2.761 	 Testing accuracy: 20.84 	 CommOverhead_PerIter: 115545927types 	 Time taken: 372.05s
Round  72 	 Average Loss 2.569 	 Testing accuracy: 18.82 	 CommOverhead_PerIter: 115545933types 	 Time taken: 376.32s
Round  73 	 Average Loss 2.915 	 Testing accuracy: 19.55 	 CommOverhead_PerIter: 115545923types 	 Time taken: 380.60s
Round  74 	 Average Loss 2.731 	 Testing accuracy: 19.17 	 CommOverhead_PerIter: 115545929types 	 Time taken: 384.87s
Round  75 	 Average Loss 2.785 	 Testing accuracy: 18.74 	 CommOverhead_PerIter: 115545927types 	 Time taken: 389.17s
Round  76 	 Average Loss 2.603 	 Testing accuracy: 17.36 	 CommOverhead_PerIter: 115545927types 	 Time taken: 393.46s
Round  77 	 Average Loss 3.042 	 Testing accuracy: 19.31 	 CommOverhead_PerIter: 115545919types 	 Time taken: 397.76s
Round  78 	 Average Loss 2.593 	 Testing accuracy: 19.74 	 CommOverhead_PerIter: 115545925types 	 Time taken: 402.02s
Round  79 	 Average Loss 2.764 	 Testing accuracy: 19.80 	 CommOverhead_PerIter: 115545929types 	 Time taken: 406.30s
Round  80 	 Average Loss 2.631 	 Testing accuracy: 18.58 	 CommOverhead_PerIter: 115545927types 	 Time taken: 410.55s
Round  81 	 Average Loss 2.905 	 Testing accuracy: 17.36 	 CommOverhead_PerIter: 115545931types 	 Time taken: 414.81s
Round  82 	 Average Loss 2.754 	 Testing accuracy: 17.19 	 CommOverhead_PerIter: 115545927types 	 Time taken: 419.08s
Round  83 	 Average Loss 3.075 	 Testing accuracy: 16.77 	 CommOverhead_PerIter: 115545919types 	 Time taken: 423.32s
Round  84 	 Average Loss 3.079 	 Testing accuracy: 17.65 	 CommOverhead_PerIter: 115545923types 	 Time taken: 427.63s
Round  85 	 Average Loss 2.776 	 Testing accuracy: 18.11 	 CommOverhead_PerIter: 115545927types 	 Time taken: 432.58s
Round  86 	 Average Loss 2.940 	 Testing accuracy: 18.72 	 CommOverhead_PerIter: 115545923types 	 Time taken: 437.56s
Round  87 	 Average Loss 2.956 	 Testing accuracy: 17.39 	 CommOverhead_PerIter: 115545925types 	 Time taken: 442.55s
Round  88 	 Average Loss 3.001 	 Testing accuracy: 18.51 	 CommOverhead_PerIter: 115545933types 	 Time taken: 447.57s
Round  89 	 Average Loss 2.969 	 Testing accuracy: 20.07 	 CommOverhead_PerIter: 115545929types 	 Time taken: 452.68s
Round  90 	 Average Loss 3.227 	 Testing accuracy: 18.51 	 CommOverhead_PerIter: 115545927types 	 Time taken: 457.80s
Round  91 	 Average Loss 2.811 	 Testing accuracy: 18.04 	 CommOverhead_PerIter: 115545923types 	 Time taken: 462.09s
Round  92 	 Average Loss 3.381 	 Testing accuracy: 19.10 	 CommOverhead_PerIter: 115545925types 	 Time taken: 466.43s
Round  93 	 Average Loss 3.028 	 Testing accuracy: 18.34 	 CommOverhead_PerIter: 115545883types 	 Time taken: 471.29s
Round  94 	 Average Loss 3.083 	 Testing accuracy: 18.84 	 CommOverhead_PerIter: 115545913types 	 Time taken: 475.88s
Round  95 	 Average Loss 3.179 	 Testing accuracy: 15.58 	 CommOverhead_PerIter: 115545919types 	 Time taken: 479.98s
Round  96 	 Average Loss 3.798 	 Testing accuracy: 17.61 	 CommOverhead_PerIter: 115545919types 	 Time taken: 483.77s
Round  97 	 Average Loss 3.410 	 Testing accuracy: 16.92 	 CommOverhead_PerIter: 115545921types 	 Time taken: 487.58s
Round  98 	 Average Loss 3.752 	 Testing accuracy: 17.60 	 CommOverhead_PerIter: 115545913types 	 Time taken: 491.36s
Round  99 	 Average Loss 3.670 	 Testing accuracy: 17.55 	 CommOverhead_PerIter: 115545919types 	 Time taken: 495.15s

========TRAIN END========


===================DATA Round 0-99====================
Test Accuracy: [10.0, 12.010000228881836, 10.800000190734863, 11.09000015258789, 10.270000457763672, 12.520000457763672, 11.460000038146973, 13.779999732971191, 14.329999923706055, 11.710000038146973, 12.970000267028809, 13.399999618530273, 12.550000190734863, 12.229999542236328, 14.279999732971191, 13.170000076293945, 15.1899995803833, 14.630000114440918, 15.119999885559082, 14.239999771118164, 15.609999656677246, 15.149999618530273, 15.470000267028809, 17.579999923706055, 16.899999618530273, 16.899999618530273, 17.1299991607666, 16.579999923706055, 16.6299991607666, 15.380000114440918, 16.3799991607666, 19.190000534057617, 18.030000686645508, 18.81999969482422, 17.139999389648438, 18.920000076293945, 14.40999984741211, 16.59000015258789, 16.299999237060547, 17.489999771118164, 16.959999084472656, 17.770000457763672, 15.210000038146973, 18.360000610351562, 17.860000610351562, 16.450000762939453, 17.600000381469727, 18.56999969482422, 18.209999084472656, 16.889999389648438, 17.8799991607666, 17.170000076293945, 17.110000610351562, 16.8700008392334, 15.579999923706055, 17.450000762939453, 19.020000457763672, 19.549999237060547, 19.709999084472656, 18.059999465942383, 18.459999084472656, 17.850000381469727, 18.1200008392334, 19.079999923706055, 19.399999618530273, 19.1200008392334, 19.860000610351562, 18.90999984741211, 18.8799991607666, 19.020000457763672, 20.639999389648438, 20.84000015258789, 18.81999969482422, 19.549999237060547, 19.170000076293945, 18.739999771118164, 17.360000610351562, 19.309999465942383, 19.739999771118164, 19.799999237060547, 18.579999923706055, 17.360000610351562, 17.190000534057617, 16.770000457763672, 17.649999618530273, 18.110000610351562, 18.719999313354492, 17.389999389648438, 18.510000228881836, 20.06999969482422, 18.510000228881836, 18.040000915527344, 19.100000381469727, 18.34000015258789, 18.84000015258789, 15.579999923706055, 17.610000610351562, 16.920000076293945, 17.600000381469727, 17.549999237060547]
Train Loss: [2.3038137102127076, 2.3148255014419554, 2.2910858297348025, 2.308580894470215, 2.2905859470367433, 2.32005166053772, 2.269306778907776, 2.3146491384506227, 2.2622747945785524, 2.2990667700767515, 2.2850266766548155, 2.3000767993927003, 2.271725516319275, 2.2708261036872863, 2.2947557592391967, 2.2710184502601622, 2.302272205352783, 2.2181658697128297, 2.2751935648918153, 2.2452888917922973, 2.289707932472229, 2.2764387273788453, 2.2507151126861573, 2.2995944213867188, 2.2528903102874756, 2.255150272846222, 2.248126986026764, 2.2760498571395873, 2.2684983229637146, 2.241681866645813, 2.3250894236564634, 2.278674623966217, 2.259399437904358, 2.3167638874053953, 2.2602274799346924, 2.3121477437019347, 2.222825875282288, 2.32653787612915, 2.410456454753876, 2.320985026359558, 2.4405739521980285, 2.4334412598609925, 2.2749483942985536, 2.5105438256263732, 2.326766595840454, 2.409059362411499, 2.609453227519989, 2.37978232383728, 2.492345006465912, 2.429602746963501, 2.4522265076637266, 2.5177972745895385, 2.4847467970848083, 2.5124012351036074, 2.376968729496002, 2.773198013305664, 2.530207839012146, 2.3604316329956054, 2.5079172229766846, 2.4163019680976867, 2.4551954197883608, 2.505615653991699, 2.53846218585968, 2.6431113624572755, 2.405264127254486, 2.6055265641212464, 2.5097336673736574, 2.690594835281372, 2.4835035538673402, 2.8228701901435853, 2.583656804561615, 2.7610826587677, 2.5687674188613894, 2.9154914093017577, 2.7305326795578004, 2.784981335401535, 2.6026088976860047, 3.0421215224266054, 2.5925257444381713, 2.7635475993156433, 2.63142174243927, 2.9050865244865416, 2.7540651679039003, 3.0747554433345794, 3.079065058231354, 2.775899908542633, 2.94043007850647, 2.956274052858353, 3.000993020534515, 2.96919490814209, 3.22693794965744, 2.8106321144104003, 3.381462879180908, 3.028391695022583, 3.083302620649338, 3.1790560507774352, 3.798344361782074, 3.409862593412399, 3.7521918630599975, 3.669954688549042]
===================END Round 0-99====================
