Round   0 	 Average Loss 1.512 	 Testing accuracy: 52.37 	 CommOverhead_PerIter: 10262265types 	 Time taken: 85.01s
Round   1 	 Average Loss 1.496 	 Testing accuracy: 77.01 	 CommOverhead_PerIter: 10262265types 	 Time taken: 169.37s
Round   2 	 Average Loss 1.491 	 Testing accuracy: 73.44 	 CommOverhead_PerIter: 10262265types 	 Time taken: 250.24s
Round   3 	 Average Loss 1.490 	 Testing accuracy: 85.43 	 CommOverhead_PerIter: 10262265types 	 Time taken: 332.34s
Round   4 	 Average Loss 1.488 	 Testing accuracy: 81.55 	 CommOverhead_PerIter: 10262265types 	 Time taken: 406.10s
Round   5 	 Average Loss 1.489 	 Testing accuracy: 87.82 	 CommOverhead_PerIter: 10262265types 	 Time taken: 477.82s
Round   6 	 Average Loss 1.488 	 Testing accuracy: 84.83 	 CommOverhead_PerIter: 10262265types 	 Time taken: 548.74s
Round   7 	 Average Loss 1.487 	 Testing accuracy: 89.09 	 CommOverhead_PerIter: 10262265types 	 Time taken: 617.81s
Round   8 	 Average Loss 1.487 	 Testing accuracy: 85.90 	 CommOverhead_PerIter: 10262265types 	 Time taken: 688.57s
Round   9 	 Average Loss 1.486 	 Testing accuracy: 89.55 	 CommOverhead_PerIter: 10262265types 	 Time taken: 759.41s
Round  10 	 Average Loss 1.486 	 Testing accuracy: 87.20 	 CommOverhead_PerIter: 10262265types 	 Time taken: 834.50s
Round  11 	 Average Loss 1.486 	 Testing accuracy: 90.15 	 CommOverhead_PerIter: 10262265types 	 Time taken: 911.21s
Round  12 	 Average Loss 1.486 	 Testing accuracy: 88.45 	 CommOverhead_PerIter: 10262265types 	 Time taken: 982.20s
Round  13 	 Average Loss 1.485 	 Testing accuracy: 90.61 	 CommOverhead_PerIter: 10262265types 	 Time taken: 1055.05s
Round  14 	 Average Loss 1.486 	 Testing accuracy: 89.05 	 CommOverhead_PerIter: 10262265types 	 Time taken: 1131.86s
Round  15 	 Average Loss 1.485 	 Testing accuracy: 90.80 	 CommOverhead_PerIter: 10262265types 	 Time taken: 1208.45s
Round  16 	 Average Loss 1.484 	 Testing accuracy: 89.41 	 CommOverhead_PerIter: 10262265types 	 Time taken: 1284.80s
Round  17 	 Average Loss 1.485 	 Testing accuracy: 91.22 	 CommOverhead_PerIter: 10262265types 	 Time taken: 1356.25s
Round  18 	 Average Loss 1.484 	 Testing accuracy: 89.58 	 CommOverhead_PerIter: 10262265types 	 Time taken: 1433.55s
Round  19 	 Average Loss 1.485 	 Testing accuracy: 91.46 	 CommOverhead_PerIter: 10262265types 	 Time taken: 1510.27s
Round  20 	 Average Loss 1.484 	 Testing accuracy: 90.44 	 CommOverhead_PerIter: 10262265types 	 Time taken: 1585.12s
Round  21 	 Average Loss 1.484 	 Testing accuracy: 91.83 	 CommOverhead_PerIter: 10262265types 	 Time taken: 1662.14s
Round  22 	 Average Loss 1.484 	 Testing accuracy: 90.38 	 CommOverhead_PerIter: 10262265types 	 Time taken: 1737.28s
Round  23 	 Average Loss 1.484 	 Testing accuracy: 91.92 	 CommOverhead_PerIter: 10262265types 	 Time taken: 1808.43s
Round  24 	 Average Loss 1.484 	 Testing accuracy: 90.89 	 CommOverhead_PerIter: 10262265types 	 Time taken: 1884.18s
Round  25 	 Average Loss 1.484 	 Testing accuracy: 92.13 	 CommOverhead_PerIter: 10262265types 	 Time taken: 1960.98s
Round  26 	 Average Loss 1.483 	 Testing accuracy: 91.06 	 CommOverhead_PerIter: 10262265types 	 Time taken: 2028.66s
Round  27 	 Average Loss 1.484 	 Testing accuracy: 92.24 	 CommOverhead_PerIter: 10262265types 	 Time taken: 2096.20s
Round  28 	 Average Loss 1.483 	 Testing accuracy: 91.21 	 CommOverhead_PerIter: 10262265types 	 Time taken: 2171.90s
Round  29 	 Average Loss 1.483 	 Testing accuracy: 92.44 	 CommOverhead_PerIter: 10262265types 	 Time taken: 2247.31s
Round  30 	 Average Loss 1.483 	 Testing accuracy: 91.80 	 CommOverhead_PerIter: 10262265types 	 Time taken: 2323.29s
Round  31 	 Average Loss 1.483 	 Testing accuracy: 92.61 	 CommOverhead_PerIter: 10262265types 	 Time taken: 2397.89s
Round  32 	 Average Loss 1.483 	 Testing accuracy: 91.81 	 CommOverhead_PerIter: 10262265types 	 Time taken: 2468.84s
Round  33 	 Average Loss 1.483 	 Testing accuracy: 92.81 	 CommOverhead_PerIter: 10262265types 	 Time taken: 2544.57s
Round  34 	 Average Loss 1.483 	 Testing accuracy: 91.85 	 CommOverhead_PerIter: 10262265types 	 Time taken: 2618.90s
Round  35 	 Average Loss 1.483 	 Testing accuracy: 92.83 	 CommOverhead_PerIter: 10262265types 	 Time taken: 2689.81s
Round  36 	 Average Loss 1.483 	 Testing accuracy: 91.55 	 CommOverhead_PerIter: 10262265types 	 Time taken: 2763.72s
Round  37 	 Average Loss 1.483 	 Testing accuracy: 92.99 	 CommOverhead_PerIter: 10262265types 	 Time taken: 2840.00s
Round  38 	 Average Loss 1.483 	 Testing accuracy: 91.73 	 CommOverhead_PerIter: 10262265types 	 Time taken: 2917.02s
Round  39 	 Average Loss 1.483 	 Testing accuracy: 93.23 	 CommOverhead_PerIter: 10262265types 	 Time taken: 2993.23s
Round  40 	 Average Loss 1.482 	 Testing accuracy: 92.45 	 CommOverhead_PerIter: 10262265types 	 Time taken: 3069.64s
Round  41 	 Average Loss 1.482 	 Testing accuracy: 93.18 	 CommOverhead_PerIter: 10262265types 	 Time taken: 3147.18s
Round  42 	 Average Loss 1.482 	 Testing accuracy: 92.24 	 CommOverhead_PerIter: 10262265types 	 Time taken: 3223.48s
Round  43 	 Average Loss 1.483 	 Testing accuracy: 93.12 	 CommOverhead_PerIter: 10262265types 	 Time taken: 3300.05s
Round  44 	 Average Loss 1.483 	 Testing accuracy: 92.49 	 CommOverhead_PerIter: 10262265types 	 Time taken: 3376.41s
Round  45 	 Average Loss 1.482 	 Testing accuracy: 93.34 	 CommOverhead_PerIter: 10262265types 	 Time taken: 3453.21s
Round  46 	 Average Loss 1.483 	 Testing accuracy: 92.30 	 CommOverhead_PerIter: 10262265types 	 Time taken: 3529.86s
Round  47 	 Average Loss 1.482 	 Testing accuracy: 93.43 	 CommOverhead_PerIter: 10262265types 	 Time taken: 3606.57s
Round  48 	 Average Loss 1.482 	 Testing accuracy: 92.59 	 CommOverhead_PerIter: 10262265types 	 Time taken: 3684.16s
Round  49 	 Average Loss 1.482 	 Testing accuracy: 93.36 	 CommOverhead_PerIter: 10262265types 	 Time taken: 3760.86s
Round  50 	 Average Loss 1.482 	 Testing accuracy: 92.47 	 CommOverhead_PerIter: 10262265types 	 Time taken: 3833.49s
Round  51 	 Average Loss 1.482 	 Testing accuracy: 93.52 	 CommOverhead_PerIter: 10262265types 	 Time taken: 3903.66s
Round  52 	 Average Loss 1.482 	 Testing accuracy: 92.56 	 CommOverhead_PerIter: 10262265types 	 Time taken: 3974.14s
Round  53 	 Average Loss 1.482 	 Testing accuracy: 93.55 	 CommOverhead_PerIter: 10262265types 	 Time taken: 4047.38s
Round  54 	 Average Loss 1.482 	 Testing accuracy: 92.54 	 CommOverhead_PerIter: 10262265types 	 Time taken: 4124.93s
Round  55 	 Average Loss 1.482 	 Testing accuracy: 93.73 	 CommOverhead_PerIter: 10262265types 	 Time taken: 4197.52s
Round  56 	 Average Loss 1.482 	 Testing accuracy: 92.85 	 CommOverhead_PerIter: 10262265types 	 Time taken: 4270.07s
Round  57 	 Average Loss 1.481 	 Testing accuracy: 93.65 	 CommOverhead_PerIter: 10262265types 	 Time taken: 4345.89s
Round  58 	 Average Loss 1.481 	 Testing accuracy: 92.84 	 CommOverhead_PerIter: 10262265types 	 Time taken: 4421.81s
Round  59 	 Average Loss 1.481 	 Testing accuracy: 93.76 	 CommOverhead_PerIter: 10262265types 	 Time taken: 4497.34s
Round  60 	 Average Loss 1.482 	 Testing accuracy: 92.90 	 CommOverhead_PerIter: 10262265types 	 Time taken: 4571.91s
Round  61 	 Average Loss 1.481 	 Testing accuracy: 93.81 	 CommOverhead_PerIter: 10262265types 	 Time taken: 4649.27s
Round  62 	 Average Loss 1.482 	 Testing accuracy: 93.03 	 CommOverhead_PerIter: 10262265types 	 Time taken: 4725.51s
Round  63 	 Average Loss 1.481 	 Testing accuracy: 93.86 	 CommOverhead_PerIter: 10262265types 	 Time taken: 4801.71s
Round  64 	 Average Loss 1.481 	 Testing accuracy: 93.21 	 CommOverhead_PerIter: 10262265types 	 Time taken: 4878.43s
Round  65 	 Average Loss 1.481 	 Testing accuracy: 93.71 	 CommOverhead_PerIter: 10262265types 	 Time taken: 4954.23s
Round  66 	 Average Loss 1.481 	 Testing accuracy: 93.16 	 CommOverhead_PerIter: 10262265types 	 Time taken: 5029.55s
Round  67 	 Average Loss 1.481 	 Testing accuracy: 93.86 	 CommOverhead_PerIter: 10262265types 	 Time taken: 5107.10s
Round  68 	 Average Loss 1.481 	 Testing accuracy: 93.34 	 CommOverhead_PerIter: 10262265types 	 Time taken: 5183.55s
Round  69 	 Average Loss 1.481 	 Testing accuracy: 93.87 	 CommOverhead_PerIter: 10262265types 	 Time taken: 5253.96s
Round  70 	 Average Loss 1.481 	 Testing accuracy: 93.32 	 CommOverhead_PerIter: 10262265types 	 Time taken: 5327.12s
Round  71 	 Average Loss 1.481 	 Testing accuracy: 93.94 	 CommOverhead_PerIter: 10262265types 	 Time taken: 5402.64s
Round  72 	 Average Loss 1.481 	 Testing accuracy: 93.51 	 CommOverhead_PerIter: 10262265types 	 Time taken: 5478.32s
Round  73 	 Average Loss 1.481 	 Testing accuracy: 93.94 	 CommOverhead_PerIter: 10262265types 	 Time taken: 5549.26s
Round  74 	 Average Loss 1.481 	 Testing accuracy: 93.64 	 CommOverhead_PerIter: 10262265types 	 Time taken: 5620.24s
Round  75 	 Average Loss 1.481 	 Testing accuracy: 94.07 	 CommOverhead_PerIter: 10262265types 	 Time taken: 5691.27s
Round  76 	 Average Loss 1.481 	 Testing accuracy: 93.56 	 CommOverhead_PerIter: 10262265types 	 Time taken: 5762.31s
Round  77 	 Average Loss 1.480 	 Testing accuracy: 94.05 	 CommOverhead_PerIter: 10262265types 	 Time taken: 5837.65s
Round  78 	 Average Loss 1.481 	 Testing accuracy: 93.71 	 CommOverhead_PerIter: 10262265types 	 Time taken: 5914.59s
Round  79 	 Average Loss 1.481 	 Testing accuracy: 94.23 	 CommOverhead_PerIter: 10262265types 	 Time taken: 5991.35s
Round  80 	 Average Loss 1.481 	 Testing accuracy: 93.39 	 CommOverhead_PerIter: 10262265types 	 Time taken: 6068.01s
Round  81 	 Average Loss 1.480 	 Testing accuracy: 94.32 	 CommOverhead_PerIter: 10262265types 	 Time taken: 6145.11s
Round  82 	 Average Loss 1.480 	 Testing accuracy: 93.55 	 CommOverhead_PerIter: 10262265types 	 Time taken: 6221.81s
Round  83 	 Average Loss 1.480 	 Testing accuracy: 94.35 	 CommOverhead_PerIter: 10262265types 	 Time taken: 6297.97s
Round  84 	 Average Loss 1.481 	 Testing accuracy: 93.37 	 CommOverhead_PerIter: 10262265types 	 Time taken: 6372.55s
Round  85 	 Average Loss 1.480 	 Testing accuracy: 94.35 	 CommOverhead_PerIter: 10262265types 	 Time taken: 6448.68s
Round  86 	 Average Loss 1.480 	 Testing accuracy: 93.74 	 CommOverhead_PerIter: 10262265types 	 Time taken: 6525.17s
Round  87 	 Average Loss 1.481 	 Testing accuracy: 94.39 	 CommOverhead_PerIter: 10262267types 	 Time taken: 6601.03s
Round  88 	 Average Loss 1.481 	 Testing accuracy: 93.38 	 CommOverhead_PerIter: 10262269types 	 Time taken: 6677.06s
Round  89 	 Average Loss 1.480 	 Testing accuracy: 94.43 	 CommOverhead_PerIter: 10262265types 	 Time taken: 6752.71s
Round  90 	 Average Loss 1.481 	 Testing accuracy: 93.89 	 CommOverhead_PerIter: 10262265types 	 Time taken: 6829.19s
Round  91 	 Average Loss 1.480 	 Testing accuracy: 94.43 	 CommOverhead_PerIter: 10262265types 	 Time taken: 6905.44s
Round  92 	 Average Loss 1.480 	 Testing accuracy: 93.84 	 CommOverhead_PerIter: 10262265types 	 Time taken: 6976.99s
Round  93 	 Average Loss 1.480 	 Testing accuracy: 94.40 	 CommOverhead_PerIter: 10262265types 	 Time taken: 7036.26s
Round  94 	 Average Loss 1.481 	 Testing accuracy: 93.89 	 CommOverhead_PerIter: 10262265types 	 Time taken: 7107.45s
Round  95 	 Average Loss 1.480 	 Testing accuracy: 94.45 	 CommOverhead_PerIter: 10262265types 	 Time taken: 7183.05s
Round  96 	 Average Loss 1.480 	 Testing accuracy: 93.96 	 CommOverhead_PerIter: 10262265types 	 Time taken: 7255.55s
Round  97 	 Average Loss 1.480 	 Testing accuracy: 94.54 	 CommOverhead_PerIter: 10262265types 	 Time taken: 7327.74s
Round  98 	 Average Loss 1.480 	 Testing accuracy: 93.85 	 CommOverhead_PerIter: 10262265types 	 Time taken: 7400.26s
Round  99 	 Average Loss 1.480 	 Testing accuracy: 94.47 	 CommOverhead_PerIter: 10262265types 	 Time taken: 7471.34s

========TRAIN END========


===================DATA Round 0-99====================
Test Accuracy: [52.369998931884766, 77.01000213623047, 73.44000244140625, 85.43000030517578, 81.55000305175781, 87.81999969482422, 84.83000183105469, 89.08999633789062, 85.9000015258789, 89.55000305175781, 87.19999694824219, 90.1500015258789, 88.44999694824219, 90.61000061035156, 89.05000305175781, 90.80000305175781, 89.41000366210938, 91.22000122070312, 89.58000183105469, 91.45999908447266, 90.44000244140625, 91.83000183105469, 90.37999725341797, 91.91999816894531, 90.88999938964844, 92.12999725341797, 91.05999755859375, 92.23999786376953, 91.20999908447266, 92.44000244140625, 91.80000305175781, 92.61000061035156, 91.80999755859375, 92.80999755859375, 91.8499984741211, 92.83000183105469, 91.55000305175781, 92.98999786376953, 91.7300033569336, 93.2300033569336, 92.44999694824219, 93.18000030517578, 92.23999786376953, 93.12000274658203, 92.48999786376953, 93.33999633789062, 92.30000305175781, 93.43000030517578, 92.58999633789062, 93.36000061035156, 92.47000122070312, 93.5199966430664, 92.55999755859375, 93.55000305175781, 92.54000091552734, 93.7300033569336, 92.8499984741211, 93.6500015258789, 92.83999633789062, 93.76000213623047, 92.9000015258789, 93.80999755859375, 93.02999877929688, 93.86000061035156, 93.20999908447266, 93.70999908447266, 93.16000366210938, 93.86000061035156, 93.33999633789062, 93.87000274658203, 93.31999969482422, 93.94000244140625, 93.51000213623047, 93.94000244140625, 93.63999938964844, 94.06999969482422, 93.55999755859375, 94.05000305175781, 93.70999908447266, 94.2300033569336, 93.38999938964844, 94.31999969482422, 93.55000305175781, 94.3499984741211, 93.37000274658203, 94.3499984741211, 93.73999786376953, 94.38999938964844, 93.37999725341797, 94.43000030517578, 93.88999938964844, 94.43000030517578, 93.83999633789062, 94.4000015258789, 93.88999938964844, 94.44999694824219, 93.95999908447266, 94.54000091552734, 93.8499984741211, 94.47000122070312]
Train Loss: [1.511935954443614, 1.495597287297249, 1.4912974767287577, 1.4898285860856375, 1.4880349539836248, 1.4887327247540163, 1.487579229640961, 1.4867502293825146, 1.486904340942701, 1.486476140499115, 1.4858528472105659, 1.4861378829956056, 1.4859083472887675, 1.4851357689698537, 1.4856906862020498, 1.4852951290845868, 1.48434487323761, 1.4846824260552722, 1.4836932920535404, 1.4845821881930028, 1.4838390157461163, 1.4838946172078449, 1.48373467318217, 1.4838684366464614, 1.483835028219223, 1.4837533991336826, 1.4830499321460722, 1.484091426213583, 1.483473490111033, 1.4830749260346097, 1.4833163893143335, 1.4833780684709554, 1.4830977171421051, 1.4834093959093093, 1.4830901454607648, 1.4826708462238316, 1.4828492889642724, 1.4827577217658359, 1.4828110997279487, 1.4825306158542633, 1.4823689724922178, 1.4821931086301805, 1.4823968577146527, 1.482693382024765, 1.4825281331300737, 1.4824868205388386, 1.4827005389293033, 1.4821374745766327, 1.4819777243614192, 1.4823743423620857, 1.482076011808713, 1.4815868087927504, 1.482382748158773, 1.4822298927148183, 1.4822289263248447, 1.4818656620343527, 1.4815859607299169, 1.4813678769270582, 1.480960183167458, 1.4808092186530424, 1.4818335091749828, 1.481216423090299, 1.4817589938243236, 1.480991153581937, 1.4810931274890893, 1.4807550886789957, 1.4811962542295458, 1.4808301037629445, 1.481219702633222, 1.481353472781181, 1.48135942158699, 1.480530381870269, 1.481446691481272, 1.4806214209238688, 1.4810498626550037, 1.4805283170302712, 1.481416239658991, 1.4804804977416994, 1.4807136734644573, 1.480882726836204, 1.4805987720171612, 1.4799968220392858, 1.4804472814718872, 1.4801929711262387, 1.4807637175321573, 1.48034467318058, 1.480431918311119, 1.4806405261754987, 1.4807115142583849, 1.4802762765963875, 1.4805066060384116, 1.4798824846903482, 1.4803817058881124, 1.4797178389787675, 1.4808874969720847, 1.480467875250181, 1.4802806196212768, 1.479953509736061, 1.4801847886721295, 1.4801122945864993]
===================END Round 0-99====================
