Round   0       Average Loss 2.301      Testing accuracy: 11.05         CommOverhead_PerIter: 10262275types     Time taken: 7.64s
Round   1       Average Loss 2.299      Testing accuracy: 11.80         CommOverhead_PerIter: 10262299types     Time taken: 14.06s
Round   2       Average Loss 2.298      Testing accuracy: 12.42         CommOverhead_PerIter: 10262291types     Time taken: 20.35s
Round   3       Average Loss 2.297      Testing accuracy: 12.81         CommOverhead_PerIter: 10262307types     Time taken: 26.92s
Round   4       Average Loss 2.295      Testing accuracy: 15.06         CommOverhead_PerIter: 10262299types     Time taken: 33.24s
Round   5       Average Loss 2.292      Testing accuracy: 15.98         CommOverhead_PerIter: 10262303types     Time taken: 39.68s
Round   6       Average Loss 2.290      Testing accuracy: 18.66         CommOverhead_PerIter: 10262311types     Time taken: 46.83s
Round   7       Average Loss 2.289      Testing accuracy: 22.23         CommOverhead_PerIter: 10262299types     Time taken: 54.14s
Round   8       Average Loss 2.287      Testing accuracy: 23.69         CommOverhead_PerIter: 10262289types     Time taken: 60.97s
Round   9       Average Loss 2.283      Testing accuracy: 25.26         CommOverhead_PerIter: 10262299types     Time taken: 67.65s
Round  10       Average Loss 2.283      Testing accuracy: 25.10         CommOverhead_PerIter: 10262305types     Time taken: 74.92s
Round  11       Average Loss 2.277      Testing accuracy: 27.51         CommOverhead_PerIter: 10262301types     Time taken: 80.88s
Round  12       Average Loss 2.279      Testing accuracy: 28.07         CommOverhead_PerIter: 10262307types     Time taken: 86.84s
Round  13       Average Loss 2.273      Testing accuracy: 28.58         CommOverhead_PerIter: 10262321types     Time taken: 93.37s
Round  14       Average Loss 2.274      Testing accuracy: 32.57         CommOverhead_PerIter: 10262305types     Time taken: 99.64s
Round  15       Average Loss 2.267      Testing accuracy: 34.60         CommOverhead_PerIter: 10262309types     Time taken: 106.17s
Round  16       Average Loss 2.268      Testing accuracy: 37.13         CommOverhead_PerIter: 10262303types     Time taken: 112.70s
Round  17       Average Loss 2.262      Testing accuracy: 37.90         CommOverhead_PerIter: 10262307types     Time taken: 119.42s
Round  18       Average Loss 2.261      Testing accuracy: 39.65         CommOverhead_PerIter: 10262291types     Time taken: 126.12s
Round  19       Average Loss 2.255      Testing accuracy: 38.97         CommOverhead_PerIter: 10262305types     Time taken: 132.85s
Round  20       Average Loss 2.256      Testing accuracy: 39.10         CommOverhead_PerIter: 10262311types     Time taken: 139.79s
Round  21       Average Loss 2.251      Testing accuracy: 40.08         CommOverhead_PerIter: 10262309types     Time taken: 146.99s
Round  22       Average Loss 2.251      Testing accuracy: 43.19         CommOverhead_PerIter: 10262323types     Time taken: 153.77s
Round  23       Average Loss 2.245      Testing accuracy: 43.70         CommOverhead_PerIter: 10262305types     Time taken: 160.87s
Round  24       Average Loss 2.242      Testing accuracy: 46.33         CommOverhead_PerIter: 10262295types     Time taken: 168.78s
Round  25       Average Loss 2.235      Testing accuracy: 47.31         CommOverhead_PerIter: 10262297types     Time taken: 176.38s
Round  26       Average Loss 2.232      Testing accuracy: 47.76         CommOverhead_PerIter: 10262307types     Time taken: 183.16s
Round  27       Average Loss 2.226      Testing accuracy: 48.05         CommOverhead_PerIter: 10262303types     Time taken: 190.47s
Round  28       Average Loss 2.222      Testing accuracy: 49.29         CommOverhead_PerIter: 10262301types     Time taken: 197.17s
Round  29       Average Loss 2.215      Testing accuracy: 50.49         CommOverhead_PerIter: 10262319types     Time taken: 204.28s
Round  30       Average Loss 2.211      Testing accuracy: 50.63         CommOverhead_PerIter: 10262325types     Time taken: 212.15s
Round  31       Average Loss 2.204      Testing accuracy: 50.91         CommOverhead_PerIter: 10262319types     Time taken: 220.68s
Round  32       Average Loss 2.199      Testing accuracy: 51.24         CommOverhead_PerIter: 10262297types     Time taken: 229.17s
Round  33       Average Loss 2.189      Testing accuracy: 51.11         CommOverhead_PerIter: 10262299types     Time taken: 237.14s
Round  34       Average Loss 2.187      Testing accuracy: 50.98         CommOverhead_PerIter: 10262291types     Time taken: 243.88s
Round  35       Average Loss 2.178      Testing accuracy: 51.22         CommOverhead_PerIter: 10262309types     Time taken: 252.66s
Round  36       Average Loss 2.176      Testing accuracy: 50.87         CommOverhead_PerIter: 10262315types     Time taken: 260.63s
Round  37       Average Loss 2.169      Testing accuracy: 51.38         CommOverhead_PerIter: 10262317types     Time taken: 268.46s
Round  38       Average Loss 2.165      Testing accuracy: 51.71         CommOverhead_PerIter: 10262321types     Time taken: 275.84s
Round  39       Average Loss 2.156      Testing accuracy: 51.02         CommOverhead_PerIter: 10262305types     Time taken: 282.11s
Round  40       Average Loss 2.156      Testing accuracy: 50.98         CommOverhead_PerIter: 10262291types     Time taken: 288.52s
Round  41       Average Loss 2.149      Testing accuracy: 51.55         CommOverhead_PerIter: 10262305types     Time taken: 295.21s
Round  42       Average Loss 2.145      Testing accuracy: 52.05         CommOverhead_PerIter: 10262297types     Time taken: 301.22s
Round  43       Average Loss 2.139      Testing accuracy: 51.17         CommOverhead_PerIter: 10262293types     Time taken: 307.47s
Round  44       Average Loss 2.136      Testing accuracy: 50.03         CommOverhead_PerIter: 10262299types     Time taken: 313.92s
Round  45       Average Loss 2.134      Testing accuracy: 48.75         CommOverhead_PerIter: 10262301types     Time taken: 319.90s
Round  46       Average Loss 2.129      Testing accuracy: 48.74         CommOverhead_PerIter: 10262315types     Time taken: 326.82s
Round  47       Average Loss 2.126      Testing accuracy: 49.44         CommOverhead_PerIter: 10262303types     Time taken: 333.21s
Round  48       Average Loss 2.121      Testing accuracy: 50.42         CommOverhead_PerIter: 10262303types     Time taken: 339.50s
Round  49       Average Loss 2.120      Testing accuracy: 51.43         CommOverhead_PerIter: 10262275types     Time taken: 345.43s
Round  50       Average Loss 2.110      Testing accuracy: 51.63         CommOverhead_PerIter: 10262307types     Time taken: 351.34s
Round  51       Average Loss 2.113      Testing accuracy: 52.40         CommOverhead_PerIter: 10262293types     Time taken: 357.26s
Round  52       Average Loss 2.104      Testing accuracy: 52.61         CommOverhead_PerIter: 10262301types     Time taken: 363.25s
Round  53       Average Loss 2.107      Testing accuracy: 52.67         CommOverhead_PerIter: 10262303types     Time taken: 369.13s
Round  54       Average Loss 2.095      Testing accuracy: 52.86         CommOverhead_PerIter: 10262307types     Time taken: 375.03s
Round  55       Average Loss 2.099      Testing accuracy: 53.16         CommOverhead_PerIter: 10262301types     Time taken: 380.94s
Round  56       Average Loss 2.087      Testing accuracy: 54.37         CommOverhead_PerIter: 10262309types     Time taken: 386.89s
Round  57       Average Loss 2.094      Testing accuracy: 53.76         CommOverhead_PerIter: 10262297types     Time taken: 392.81s
Round  59       Average Loss 2.089      Testing accuracy: 54.23         CommOverhead_PerIter: 10262295types     Time taken: 404.87s
Round  60       Average Loss 2.071      Testing accuracy: 54.72         CommOverhead_PerIter: 10262303types     Time taken: 411.62s
Round  61       Average Loss 2.083      Testing accuracy: 55.32         CommOverhead_PerIter: 10262319types     Time taken: 418.93s
Round  62       Average Loss 2.065      Testing accuracy: 55.93         CommOverhead_PerIter: 10262323types     Time taken: 426.17s
Round  63       Average Loss 2.079      Testing accuracy: 55.98         CommOverhead_PerIter: 10262315types     Time taken: 432.37s
Round  64       Average Loss 2.060      Testing accuracy: 56.88         CommOverhead_PerIter: 10262325types     Time taken: 438.75s
Round  65       Average Loss 2.079      Testing accuracy: 57.44         CommOverhead_PerIter: 10262291types     Time taken: 446.04s
Round  66       Average Loss 2.057      Testing accuracy: 57.94         CommOverhead_PerIter: 10262295types     Time taken: 453.31s
Round  67       Average Loss 2.076      Testing accuracy: 58.39         CommOverhead_PerIter: 10262295types     Time taken: 460.62s
Round  68       Average Loss 2.054      Testing accuracy: 58.72         CommOverhead_PerIter: 10262307types     Time taken: 467.88s
Round  69       Average Loss 2.068      Testing accuracy: 59.21         CommOverhead_PerIter: 10262299types     Time taken: 475.17s
Round  70       Average Loss 2.045      Testing accuracy: 59.38         CommOverhead_PerIter: 10262317types     Time taken: 482.69s
Round  71       Average Loss 2.063      Testing accuracy: 59.47         CommOverhead_PerIter: 10262303types     Time taken: 489.95s
Round  72       Average Loss 2.033      Testing accuracy: 59.76         CommOverhead_PerIter: 10262327types     Time taken: 496.99s
Round  73       Average Loss 2.058      Testing accuracy: 59.95         CommOverhead_PerIter: 10262287types     Time taken: 504.02s
Round  74       Average Loss 2.030      Testing accuracy: 60.72         CommOverhead_PerIter: 10262299types     Time taken: 510.92s
Round  75       Average Loss 2.054      Testing accuracy: 61.30         CommOverhead_PerIter: 10262289types     Time taken: 517.16s
Round  76       Average Loss 2.024      Testing accuracy: 60.99         CommOverhead_PerIter: 10262303types     Time taken: 523.13s
Round  77       Average Loss 2.050      Testing accuracy: 61.04         CommOverhead_PerIter: 10262303types     Time taken: 529.60s
Round  78       Average Loss 2.022      Testing accuracy: 61.44         CommOverhead_PerIter: 10262317types     Time taken: 535.64s
Round  79       Average Loss 2.042      Testing accuracy: 61.99         CommOverhead_PerIter: 10262303types     Time taken: 542.74s
Round  80       Average Loss 2.015      Testing accuracy: 61.67         CommOverhead_PerIter: 10262303types     Time taken: 550.26s
Round  81       Average Loss 2.039      Testing accuracy: 62.02         CommOverhead_PerIter: 10262299types     Time taken: 556.29s
Round  82       Average Loss 2.009      Testing accuracy: 61.16         CommOverhead_PerIter: 10262291types     Time taken: 563.01s
Round  83       Average Loss 2.037      Testing accuracy: 61.72         CommOverhead_PerIter: 10262303types     Time taken: 569.77s
Round  84       Average Loss 2.004      Testing accuracy: 61.88         CommOverhead_PerIter: 10262303types     Time taken: 576.44s
Round  85       Average Loss 2.030      Testing accuracy: 61.95         CommOverhead_PerIter: 10262315types     Time taken: 583.40s
Round  86       Average Loss 1.998      Testing accuracy: 61.19         CommOverhead_PerIter: 10262315types     Time taken: 590.72s
Round  87       Average Loss 2.032      Testing accuracy: 61.72         CommOverhead_PerIter: 10262317types     Time taken: 597.63s
Round  88       Average Loss 1.995      Testing accuracy: 61.68         CommOverhead_PerIter: 10262317types     Time taken: 603.85s
Round  89       Average Loss 2.027      Testing accuracy: 62.48         CommOverhead_PerIter: 10262309types     Time taken: 610.59s
Round  90       Average Loss 1.991      Testing accuracy: 62.97         CommOverhead_PerIter: 10262295types     Time taken: 617.07s
Round  91       Average Loss 2.023      Testing accuracy: 63.52         CommOverhead_PerIter: 10262285types     Time taken: 623.33s
Round  92       Average Loss 1.988      Testing accuracy: 63.50         CommOverhead_PerIter: 10262305types     Time taken: 629.84s
Round  93       Average Loss 2.021      Testing accuracy: 63.41         CommOverhead_PerIter: 10262299types     Time taken: 635.97s
Round  94       Average Loss 1.987      Testing accuracy: 63.52         CommOverhead_PerIter: 10262311types     Time taken: 643.00s
Round  95       Average Loss 2.015      Testing accuracy: 63.81         CommOverhead_PerIter: 10262307types     Time taken: 649.67s
Round  96       Average Loss 1.980      Testing accuracy: 63.94         CommOverhead_PerIter: 10262315types     Time taken: 655.73s
Round  97       Average Loss 2.010      Testing accuracy: 64.50         CommOverhead_PerIter: 10262309types     Time taken: 662.93s
Round  98       Average Loss 1.976      Testing accuracy: 64.54         CommOverhead_PerIter: 10262295types     Time taken: 669.36s
Round  99       Average Loss 2.006      Testing accuracy: 65.03         CommOverhead_PerIter: 10262299types     Time taken: 676.08s
========TRAIN END========

09/19/2023 14:30:45:DEBUG:
===================DATA Round 0-99====================
09/19/2023 14:30:45:DEBUG:Test Accuracy: [11.050000190734863, 11.800000190734863, 12.420000076293945, 12.8100004196167, 15.0600004196167, 15.979999542236328, 18.65999984741211, 22.229999542236328, 23.690000534057617, 25.260000228881836, 25.100000381469727, 27.510000228881836, 28.06999969482422, 28.579999923706055, 32.56999969482422, 34.599998474121094, 37.130001068115234, 37.900001525878906, 39.650001525878906, 38.970001220703125, 39.099998474121094, 40.08000183105469, 43.189998626708984, 43.70000076293945, 46.33000183105469, 47.310001373291016, 47.7599983215332, 48.04999923706055, 49.290000915527344, 50.4900016784668, 50.630001068115234, 50.90999984741211, 51.2400016784668, 51.11000061035156, 50.97999954223633, 51.220001220703125, 50.869998931884766, 51.380001068115234, 51.709999084472656, 51.02000045776367, 50.97999954223633, 51.54999923706055, 52.04999923706055, 51.16999816894531, 50.029998779296875, 48.75, 48.7400016784668, 49.439998626708984, 50.41999816894531, 51.43000030517578, 51.630001068115234, 52.400001525878906, 52.61000061035156, 52.66999816894531, 52.86000061035156, 53.15999984741211, 54.369998931884766, 53.7599983215332, 54.20000076293945, 54.22999954223633, 54.720001220703125, 55.31999969482422, 55.93000030517578, 55.97999954223633, 56.880001068115234, 57.439998626708984, 57.939998626708984, 58.38999938964844, 58.720001220703125, 59.209999084472656, 59.380001068115234, 59.470001220703125, 59.7599983215332, 59.95000076293945, 60.720001220703125, 61.29999923706055, 60.9900016784668, 61.040000915527344, 61.439998626708984, 61.9900016784668, 61.66999816894531, 62.02000045776367, 61.15999984741211, 61.720001220703125, 61.880001068115234, 61.95000076293945, 61.189998626708984, 61.720001220703125, 61.68000030517578, 62.47999954223633, 62.970001220703125, 63.52000045776367, 63.5, 63.40999984741211, 63.52000045776367, 63.810001373291016, 63.939998626708984, 64.5, 64.54000091552734, 65.02999877929688]
09/19/2023 14:30:45:DEBUG:Train Loss: [2.300858235359192, 2.2992002058029173, 2.298366289138794, 2.2967483806610107, 2.295143804550171, 2.2918044233322146, 2.290469961166382, 2.288794379234314, 2.2871198320388793, 2.283158473968506, 2.282818374633789, 2.2768772315979002, 2.278710436820984, 2.272509369850159, 2.2741929340362548, 2.2667705106735228, 2.267885098457336, 2.261764101982117, 2.2609409523010253, 2.2551712560653687, 2.2555201053619385, 2.2510848474502563, 2.2511331844329834, 2.245282073020935, 2.242037615776062, 2.2346562814712523, 2.2316175222396852, 2.2255582427978515, 2.2224340629577637, 2.2150564336776735, 2.2114807748794556, 2.2036319017410277, 2.1992000770568847, 2.188747596740723, 2.187086639404297, 2.178247957229614, 2.17550167798996, 2.1692895102500915, 2.1650167655944825, 2.156357328891754, 2.1561108136177065, 2.1490407943725587, 2.14526123046875, 2.139204008579254, 2.135581424236298, 2.1337393164634704, 2.128551802635193, 2.125812168121338, 2.121054747104645, 2.1203690505027772, 2.110396203994751, 2.113178629875183, 2.10446674823761, 2.107151114940643, 2.094860382080078, 2.0988340473175047, 2.0865448188781737, 2.094176659584045, 2.080892024040222, 2.088620402812958, 2.0710971689224245, 2.0827363896369935, 2.064831771850586, 2.078922805786133, 2.0602456402778624, 2.078998658657074, 2.0566461515426635, 2.0761991214752196, 2.0541710257530212, 2.0683353757858276, 2.0446271681785584, 2.062793481349945, 2.0334580659866335, 2.0579885959625246, 2.02984224319458, 2.053513617515564, 2.024244313240051, 2.0502251601219177, 2.0221891665458678, 2.0422972416877747, 2.014868125915527, 2.0389430952072143, 2.0090459060668944, 2.0369238114356993, 2.004196972846985, 2.030177869796753, 1.9983637762069701, 2.0319789004325868, 1.9949830889701843, 2.0272336077690123, 1.9910614371299744, 2.0233069801330568, 1.9877742958068847, 2.020571520328522, 1.986768741607666, 2.0149359679222107, 1.980393669605255, 2.0096987676620484, 1.9762761354446412, 2.0060586452484133]
09/19/2023 14:30:45:DEBUG:===================END Round 0-99====================