09/19/2023 14:30:56:INFO:Round   0       Average Loss 2.301      Testing accuracy: 11.81         CommOverhead_PerIter: 10262283types     Time taken: 7.75s
09/19/2023 14:31:03:INFO:Round   1       Average Loss 2.299      Testing accuracy: 11.70         CommOverhead_PerIter: 10262297types     Time taken: 14.71s
09/19/2023 14:31:10:INFO:Round   2       Average Loss 2.301      Testing accuracy: 11.27         CommOverhead_PerIter: 10262297types     Time taken: 21.82s
09/19/2023 14:31:17:INFO:Round   3       Average Loss 2.299      Testing accuracy: 11.02         CommOverhead_PerIter: 10262305types     Time taken: 28.81s
09/19/2023 14:31:24:INFO:Round   4       Average Loss 2.301      Testing accuracy: 11.27         CommOverhead_PerIter: 10262309types     Time taken: 35.68s
09/19/2023 14:31:31:INFO:Round   5       Average Loss 2.300      Testing accuracy: 11.04         CommOverhead_PerIter: 10262303types     Time taken: 42.29s
09/19/2023 14:31:38:INFO:Round   6       Average Loss 2.301      Testing accuracy: 10.85         CommOverhead_PerIter: 10262311types     Time taken: 49.22s
09/19/2023 14:31:44:INFO:Round   7       Average Loss 2.300      Testing accuracy: 11.10         CommOverhead_PerIter: 10262303types     Time taken: 55.92s
09/19/2023 14:31:51:INFO:Round   8       Average Loss 2.301      Testing accuracy: 11.48         CommOverhead_PerIter: 10262305types     Time taken: 62.18s
09/19/2023 14:31:58:INFO:Round   9       Average Loss 2.300      Testing accuracy: 11.76         CommOverhead_PerIter: 10262303types     Time taken: 68.99s
09/19/2023 14:32:04:INFO:Round  10       Average Loss 2.301      Testing accuracy: 11.57         CommOverhead_PerIter: 10262313types     Time taken: 75.59s
09/19/2023 14:32:11:INFO:Round  11       Average Loss 2.300      Testing accuracy: 11.52         CommOverhead_PerIter: 10262313types     Time taken: 82.17s
09/19/2023 14:32:18:INFO:Round  12       Average Loss 2.301      Testing accuracy: 11.58         CommOverhead_PerIter: 10262295types     Time taken: 89.92s
09/19/2023 14:32:27:INFO:Round  13       Average Loss 2.300      Testing accuracy: 11.81         CommOverhead_PerIter: 10262319types     Time taken: 97.98s
09/19/2023 14:32:34:INFO:Round  14       Average Loss 2.301      Testing accuracy: 12.18         CommOverhead_PerIter: 10262317types     Time taken: 105.06s
09/19/2023 14:32:40:INFO:Round  15       Average Loss 2.300      Testing accuracy: 12.36         CommOverhead_PerIter: 10262315types     Time taken: 111.54s
09/19/2023 14:32:47:INFO:Round  16       Average Loss 2.301      Testing accuracy: 12.53         CommOverhead_PerIter: 10262317types     Time taken: 118.26s
09/19/2023 14:32:54:INFO:Round  17       Average Loss 2.300      Testing accuracy: 12.20         CommOverhead_PerIter: 10262293types     Time taken: 125.15s
09/19/2023 14:33:01:INFO:Round  18       Average Loss 2.301      Testing accuracy: 12.60         CommOverhead_PerIter: 10262311types     Time taken: 132.12s
09/19/2023 14:33:08:INFO:Round  19       Average Loss 2.300      Testing accuracy: 12.59         CommOverhead_PerIter: 10262299types     Time taken: 139.43s
09/19/2023 14:33:15:INFO:Round  20       Average Loss 2.301      Testing accuracy: 12.96         CommOverhead_PerIter: 10262309types     Time taken: 146.37s
09/19/2023 14:33:22:INFO:Round  21       Average Loss 2.299      Testing accuracy: 12.90         CommOverhead_PerIter: 10262313types     Time taken: 153.35s
09/19/2023 14:33:29:INFO:Round  22       Average Loss 2.301      Testing accuracy: 13.32         CommOverhead_PerIter: 10262321types     Time taken: 160.63s
09/19/2023 14:33:36:INFO:Round  23       Average Loss 2.300      Testing accuracy: 13.50         CommOverhead_PerIter: 10262315types     Time taken: 167.88s
09/19/2023 14:33:45:INFO:Round  24       Average Loss 2.301      Testing accuracy: 13.36         CommOverhead_PerIter: 10262295types     Time taken: 176.36s
09/19/2023 14:33:51:INFO:Round  25       Average Loss 2.300      Testing accuracy: 13.29         CommOverhead_PerIter: 10262311types     Time taken: 182.76s
09/19/2023 14:33:57:INFO:Round  26       Average Loss 2.300      Testing accuracy: 13.42         CommOverhead_PerIter: 10262299types     Time taken: 188.81s
09/19/2023 14:34:03:INFO:Round  27       Average Loss 2.299      Testing accuracy: 13.44         CommOverhead_PerIter: 10262305types     Time taken: 194.78s
09/19/2023 14:34:09:INFO:Round  28       Average Loss 2.300      Testing accuracy: 12.93         CommOverhead_PerIter: 10262303types     Time taken: 200.86s
09/19/2023 14:34:15:INFO:Round  29       Average Loss 2.299      Testing accuracy: 13.06         CommOverhead_PerIter: 10262317types     Time taken: 206.88s
09/19/2023 14:34:21:INFO:Round  30       Average Loss 2.300      Testing accuracy: 13.28         CommOverhead_PerIter: 10262307types     Time taken: 212.90s
09/19/2023 14:34:28:INFO:Round  31       Average Loss 2.299      Testing accuracy: 13.46         CommOverhead_PerIter: 10262325types     Time taken: 219.12s
09/19/2023 14:34:34:INFO:Round  32       Average Loss 2.300      Testing accuracy: 13.66         CommOverhead_PerIter: 10262303types     Time taken: 225.12s
09/19/2023 14:34:40:INFO:Round  33       Average Loss 2.300      Testing accuracy: 13.65         CommOverhead_PerIter: 10262291types     Time taken: 231.08s
09/19/2023 14:34:46:INFO:Round  34       Average Loss 2.300      Testing accuracy: 14.14         CommOverhead_PerIter: 10262311types     Time taken: 237.14s
09/19/2023 14:34:52:INFO:Round  35       Average Loss 2.299      Testing accuracy: 13.53         CommOverhead_PerIter: 10262309types     Time taken: 243.11s
09/19/2023 14:34:58:INFO:Round  36       Average Loss 2.300      Testing accuracy: 13.33         CommOverhead_PerIter: 10262303types     Time taken: 249.38s
09/19/2023 14:35:04:INFO:Round  37       Average Loss 2.300      Testing accuracy: 13.86         CommOverhead_PerIter: 10262309types     Time taken: 255.51s
09/19/2023 14:35:10:INFO:Round  38       Average Loss 2.300      Testing accuracy: 13.28         CommOverhead_PerIter: 10262323types     Time taken: 261.62s
09/19/2023 14:35:17:INFO:Round  39       Average Loss 2.300      Testing accuracy: 13.38         CommOverhead_PerIter: 10262313types     Time taken: 268.13s
09/19/2023 14:35:23:INFO:Round  40       Average Loss 2.300      Testing accuracy: 13.46         CommOverhead_PerIter: 10262297types     Time taken: 274.47s
09/19/2023 14:35:29:INFO:Round  41       Average Loss 2.299      Testing accuracy: 13.20         CommOverhead_PerIter: 10262303types     Time taken: 280.60s
09/19/2023 14:35:35:INFO:Round  42       Average Loss 2.300      Testing accuracy: 13.22         CommOverhead_PerIter: 10262291types     Time taken: 286.83s
09/19/2023 14:35:43:INFO:Round  43       Average Loss 2.299      Testing accuracy: 13.85         CommOverhead_PerIter: 10262297types     Time taken: 294.41s
09/19/2023 14:35:50:INFO:Round  44       Average Loss 2.300      Testing accuracy: 14.13         CommOverhead_PerIter: 10262315types     Time taken: 301.87s
09/19/2023 14:35:57:INFO:Round  45       Average Loss 2.299      Testing accuracy: 14.29         CommOverhead_PerIter: 10262315types     Time taken: 308.61s
09/19/2023 14:36:04:INFO:Round  46       Average Loss 2.300      Testing accuracy: 14.02         CommOverhead_PerIter: 10262317types     Time taken: 315.57s
09/19/2023 14:36:11:INFO:Round  47       Average Loss 2.299      Testing accuracy: 13.94         CommOverhead_PerIter: 10262319types     Time taken: 322.66s
09/19/2023 14:36:18:INFO:Round  48       Average Loss 2.300      Testing accuracy: 14.24         CommOverhead_PerIter: 10262291types     Time taken: 329.56s
09/19/2023 14:36:25:INFO:Round  49       Average Loss 2.299      Testing accuracy: 14.34         CommOverhead_PerIter: 10262315types     Time taken: 336.71s
09/19/2023 14:36:32:INFO:Round  50       Average Loss 2.299      Testing accuracy: 14.35         CommOverhead_PerIter: 10262307types     Time taken: 343.41s
09/19/2023 14:36:39:INFO:Round  51       Average Loss 2.299      Testing accuracy: 14.05         CommOverhead_PerIter: 10262297types     Time taken: 350.12s
09/19/2023 14:36:46:INFO:Round  52       Average Loss 2.300      Testing accuracy: 13.82         CommOverhead_PerIter: 10262317types     Time taken: 357.06s
09/19/2023 14:36:52:INFO:Round  53       Average Loss 2.299      Testing accuracy: 13.87         CommOverhead_PerIter: 10262313types     Time taken: 363.80s
09/19/2023 14:36:59:INFO:Round  54       Average Loss 2.300      Testing accuracy: 13.86         CommOverhead_PerIter: 10262321types     Time taken: 370.89s
09/19/2023 14:37:06:INFO:Round  55       Average Loss 2.299      Testing accuracy: 14.08         CommOverhead_PerIter: 10262327types     Time taken: 377.84s
09/19/2023 14:37:13:INFO:Round  56       Average Loss 2.299      Testing accuracy: 14.28         CommOverhead_PerIter: 10262325types     Time taken: 384.83s
09/19/2023 14:37:20:INFO:Round  57       Average Loss 2.299      Testing accuracy: 14.00         CommOverhead_PerIter: 10262311types     Time taken: 391.68s
09/19/2023 14:37:27:INFO:Round  58       Average Loss 2.299      Testing accuracy: 13.67         CommOverhead_PerIter: 10262307types     Time taken: 398.85s
09/19/2023 14:37:34:INFO:Round  59       Average Loss 2.300      Testing accuracy: 13.72         CommOverhead_PerIter: 10262311types     Time taken: 405.66s
09/19/2023 14:37:42:INFO:Round  60       Average Loss 2.299      Testing accuracy: 13.51         CommOverhead_PerIter: 10262317types     Time taken: 412.96s
09/19/2023 14:37:49:INFO:Round  61       Average Loss 2.300      Testing accuracy: 13.58         CommOverhead_PerIter: 10262331types     Time taken: 420.70s
09/19/2023 14:37:57:INFO:Round  62       Average Loss 2.299      Testing accuracy: 13.72         CommOverhead_PerIter: 10262323types     Time taken: 428.84s
09/19/2023 14:38:05:INFO:Round  63       Average Loss 2.299      Testing accuracy: 13.64         CommOverhead_PerIter: 10262323types     Time taken: 436.45s
09/19/2023 14:38:12:INFO:Round  64       Average Loss 2.299      Testing accuracy: 13.80         CommOverhead_PerIter: 10262323types     Time taken: 443.11s
09/19/2023 14:38:18:INFO:Round  65       Average Loss 2.299      Testing accuracy: 14.25         CommOverhead_PerIter: 10262307types     Time taken: 449.75s
09/19/2023 14:38:25:INFO:Round  66       Average Loss 2.299      Testing accuracy: 14.35         CommOverhead_PerIter: 10262299types     Time taken: 456.40s
09/19/2023 14:38:32:INFO:Round  67       Average Loss 2.299      Testing accuracy: 14.84         CommOverhead_PerIter: 10262313types     Time taken: 463.03s
09/19/2023 14:38:40:INFO:Round  68       Average Loss 2.299      Testing accuracy: 15.08         CommOverhead_PerIter: 10262303types     Time taken: 471.06s
09/19/2023 14:38:48:INFO:Round  69       Average Loss 2.298      Testing accuracy: 15.07         CommOverhead_PerIter: 10262307types     Time taken: 478.94s
09/19/2023 14:38:55:INFO:Round  70       Average Loss 2.298      Testing accuracy: 15.02         CommOverhead_PerIter: 10262317types     Time taken: 486.68s
09/19/2023 14:39:04:INFO:Round  71       Average Loss 2.298      Testing accuracy: 14.96         CommOverhead_PerIter: 10262311types     Time taken: 495.38s
09/19/2023 14:39:12:INFO:Round  72       Average Loss 2.298      Testing accuracy: 14.65         CommOverhead_PerIter: 10262319types     Time taken: 503.33s
09/19/2023 14:39:19:INFO:Round  73       Average Loss 2.298      Testing accuracy: 14.79         CommOverhead_PerIter: 10262291types     Time taken: 510.91s
09/19/2023 14:39:27:INFO:Round  74       Average Loss 2.298      Testing accuracy: 14.82         CommOverhead_PerIter: 10262299types     Time taken: 518.54s
09/19/2023 14:39:35:INFO:Round  75       Average Loss 2.299      Testing accuracy: 14.94         CommOverhead_PerIter: 10262293types     Time taken: 526.19s
09/19/2023 14:39:42:INFO:Round  76       Average Loss 2.298      Testing accuracy: 15.03         CommOverhead_PerIter: 10262303types     Time taken: 533.71s
09/19/2023 14:39:49:INFO:Round  77       Average Loss 2.299      Testing accuracy: 15.19         CommOverhead_PerIter: 10262317types     Time taken: 540.33s
09/19/2023 14:39:56:INFO:Round  78       Average Loss 2.299      Testing accuracy: 15.31         CommOverhead_PerIter: 10262307types     Time taken: 547.22s
09/19/2023 14:40:03:INFO:Round  79       Average Loss 2.298      Testing accuracy: 15.02         CommOverhead_PerIter: 10262323types     Time taken: 554.93s
09/19/2023 14:40:11:INFO:Round  80       Average Loss 2.298      Testing accuracy: 15.36         CommOverhead_PerIter: 10262317types     Time taken: 562.57s
09/19/2023 14:40:19:INFO:Round  81       Average Loss 2.298      Testing accuracy: 15.06         CommOverhead_PerIter: 10262307types     Time taken: 570.23s
09/19/2023 14:40:26:INFO:Round  82       Average Loss 2.298      Testing accuracy: 15.36         CommOverhead_PerIter: 10262301types     Time taken: 577.70s
09/19/2023 14:40:33:INFO:Round  83       Average Loss 2.299      Testing accuracy: 15.52         CommOverhead_PerIter: 10262303types     Time taken: 584.90s
09/19/2023 14:40:40:INFO:Round  84       Average Loss 2.298      Testing accuracy: 15.69         CommOverhead_PerIter: 10262295types     Time taken: 591.64s
09/19/2023 14:40:47:INFO:Round  85       Average Loss 2.298      Testing accuracy: 16.13         CommOverhead_PerIter: 10262309types     Time taken: 598.54s
09/19/2023 14:40:54:INFO:Round  86       Average Loss 2.297      Testing accuracy: 16.32         CommOverhead_PerIter: 10262309types     Time taken: 605.32s
09/19/2023 14:41:00:INFO:Round  87       Average Loss 2.298      Testing accuracy: 16.46         CommOverhead_PerIter: 10262309types     Time taken: 611.56s
09/19/2023 14:41:07:INFO:Round  88       Average Loss 2.298      Testing accuracy: 16.50         CommOverhead_PerIter: 10262313types     Time taken: 618.28s
09/19/2023 14:41:13:INFO:Round  89       Average Loss 2.297      Testing accuracy: 16.64         CommOverhead_PerIter: 10262323types     Time taken: 624.64s
09/19/2023 14:41:20:INFO:Round  90       Average Loss 2.297      Testing accuracy: 16.66         CommOverhead_PerIter: 10262311types     Time taken: 631.10s
09/19/2023 14:41:27:INFO:Round  91       Average Loss 2.297      Testing accuracy: 16.69         CommOverhead_PerIter: 10262309types     Time taken: 638.00s
09/19/2023 14:41:34:INFO:Round  92       Average Loss 2.297      Testing accuracy: 16.67         CommOverhead_PerIter: 10262317types     Time taken: 645.19s
09/19/2023 14:41:41:INFO:Round  93       Average Loss 2.296      Testing accuracy: 16.53         CommOverhead_PerIter: 10262305types     Time taken: 652.07s
09/19/2023 14:41:47:INFO:Round  94       Average Loss 2.297      Testing accuracy: 16.39         CommOverhead_PerIter: 10262321types     Time taken: 658.75s
09/19/2023 14:41:54:INFO:Round  95       Average Loss 2.297      Testing accuracy: 16.66         CommOverhead_PerIter: 10262321types     Time taken: 665.52s
09/19/2023 14:42:03:INFO:Round  96       Average Loss 2.297      Testing accuracy: 16.74         CommOverhead_PerIter: 10262295types     Time taken: 674.12s
09/19/2023 14:42:11:INFO:Round  97       Average Loss 2.297      Testing accuracy: 16.93         CommOverhead_PerIter: 10262313types     Time taken: 682.76s
09/19/2023 14:42:18:INFO:Round  98       Average Loss 2.297      Testing accuracy: 17.06         CommOverhead_PerIter: 10262295types     Time taken: 689.37s
09/19/2023 14:42:25:INFO:Round  99       Average Loss 2.296      Testing accuracy: 16.83         CommOverhead_PerIter: 10262289types     Time taken: 696.01s
09/19/2023 14:42:25:INFO:
========TRAIN END========

09/19/2023 14:42:25:DEBUG:
===================DATA Round 0-99====================
09/19/2023 14:42:25:DEBUG:Test Accuracy: [11.8100004196167, 11.699999809265137, 11.270000457763672, 11.020000457763672, 11.270000457763672, 11.039999961853027, 10.850000381469727, 11.100000381469727, 11.479999542236328, 11.760000228881836, 11.569999694824219, 11.520000457763672, 11.579999923706055, 11.8100004196167, 12.180000305175781, 12.359999656677246, 12.529999732971191, 12.199999809265137, 12.600000381469727, 12.59000015258789, 12.960000038146973, 12.899999618530273, 13.319999694824219, 13.5, 13.359999656677246, 13.289999961853027, 13.420000076293945, 13.4399995803833, 12.930000305175781, 13.0600004196167, 13.279999732971191, 13.460000038146973, 13.65999984741211, 13.649999618530273, 14.140000343322754, 13.529999732971191, 13.329999923706055, 13.859999656677246, 13.279999732971191, 13.380000114440918, 13.460000038146973, 13.199999809265137, 13.220000267028809, 13.850000381469727, 14.130000114440918, 14.289999961853027, 14.020000457763672, 13.9399995803833, 14.239999771118164, 14.34000015258789, 14.350000381469727, 14.050000190734863, 13.819999694824219, 13.869999885559082, 13.859999656677246, 14.079999923706055, 14.279999732971191, 14.0, 13.670000076293945, 13.720000267028809, 13.510000228881836, 13.579999923706055, 13.720000267028809, 13.640000343322754, 13.800000190734863, 14.25, 14.350000381469727, 14.84000015258789, 15.079999923706055, 15.069999694824219, 15.020000457763672, 14.960000038146973, 14.649999618530273, 14.789999961853027, 14.819999694824219, 14.9399995803833, 15.029999732971191, 15.1899995803833, 15.3100004196167, 15.020000457763672, 15.359999656677246, 15.0600004196167, 15.359999656677246, 15.520000457763672, 15.6899995803833, 16.1299991607666, 16.31999969482422, 16.459999084472656, 16.5, 16.639999389648438, 16.65999984741211, 16.690000534057617, 16.670000076293945, 16.530000686645508, 16.389999389648438, 16.65999984741211, 16.739999771118164, 16.93000030517578, 17.059999465942383, 16.829999923706055]
09/19/2023 14:42:25:DEBUG:Train Loss: [2.300858235359192, 2.2992830514907836, 2.3005276203155516, 2.299409489631653, 2.3005070734024047, 2.2996667766571046, 2.300954179763794, 2.3000918579101564, 2.3014026880264282, 2.3003763723373414, 2.30111102104187, 2.300202794075012, 2.301323261260986, 2.299855513572693, 2.300572395324707, 2.2995068883895873, 2.300634460449219, 2.2996018028259275, 2.300960645675659, 2.2999153423309324, 2.3013345766067506, 2.299466152191162, 2.3007347488403322, 2.2995073318481447, 2.3005010318756103, 2.2999275588989256, 2.300433807373047, 2.2994029998779295, 2.300040855407715, 2.29931405544281, 2.3002274417877198, 2.2994375133514406, 2.30041711807251, 2.2996675682067873, 2.3003405570983886, 2.2994972896575927, 2.3004664039611815, 2.3001815414428712, 2.3002950763702392, 2.2995368814468384, 2.300173954963684, 2.2993032836914065, 2.299872317314148, 2.2993697118759155, 2.2995544052124024, 2.2991180753707887, 2.299852614402771, 2.2994891023635864, 2.299597430229187, 2.2990995931625364, 2.2993459272384644, 2.2990025329589843, 2.299565076828003, 2.299407968521118, 2.2995395040512085, 2.299359130859375, 2.2987855291366577, 2.2991614866256715, 2.29906081199646, 2.299858179092407, 2.2991288757324218, 2.2997556495666505, 2.299088592529297, 2.29931396484375, 2.2991157960891724, 2.2992596340179445, 2.2990046072006227, 2.299223656654358, 2.298863401412964, 2.2983127355575563, 2.298224287033081, 2.2984817934036257, 2.2976891803741455, 2.29825608253479, 2.2980193376541136, 2.2987717819213866, 2.298384871482849, 2.2987820529937744, 2.298718476295471, 2.298372802734375, 2.298457832336426, 2.2984540462493896, 2.2984451627731324, 2.2985652923583983, 2.29798987865448, 2.2977901315689087, 2.29746789932251, 2.29754376411438, 2.297554860115051, 2.2971086359024047, 2.297156991958618, 2.296868934631348, 2.2971309185028077, 2.296450810432434, 2.2968245124816895, 2.296526494026184, 2.296762533187866, 2.2965075397491455, 2.2965533542633056, 2.2960073375701904]
09/19/2023 14:42:25:DEBUG:===================END Round 0-99====================
/home/wendy/anaconda3/envs/venv/lib/python3.7/site-packages/torchvision/io/image.p