Round   0 	 Average Loss 2.297 	 Testing accuracy: 11.04 	 CommOverhead_PerIter: 10262311types 	 Time taken: 3.55s
Round   1 	 Average Loss 2.301 	 Testing accuracy: 11.62 	 CommOverhead_PerIter: 10262333types 	 Time taken: 5.98s
Round   2 	 Average Loss 2.293 	 Testing accuracy: 11.94 	 CommOverhead_PerIter: 10262301types 	 Time taken: 8.43s
Round   3 	 Average Loss 2.300 	 Testing accuracy: 12.33 	 CommOverhead_PerIter: 10262295types 	 Time taken: 11.29s
Round   4 	 Average Loss 2.291 	 Testing accuracy: 15.03 	 CommOverhead_PerIter: 10262305types 	 Time taken: 14.27s
Round   5 	 Average Loss 2.290 	 Testing accuracy: 15.62 	 CommOverhead_PerIter: 10262283types 	 Time taken: 17.37s
Round   6 	 Average Loss 2.285 	 Testing accuracy: 18.14 	 CommOverhead_PerIter: 10262305types 	 Time taken: 20.02s
Round   7 	 Average Loss 2.287 	 Testing accuracy: 21.21 	 CommOverhead_PerIter: 10262297types 	 Time taken: 22.89s
Round   8 	 Average Loss 2.282 	 Testing accuracy: 22.92 	 CommOverhead_PerIter: 10262313types 	 Time taken: 25.55s
Round   9 	 Average Loss 2.282 	 Testing accuracy: 24.19 	 CommOverhead_PerIter: 10262299types 	 Time taken: 28.14s
Round  10 	 Average Loss 2.273 	 Testing accuracy: 24.62 	 CommOverhead_PerIter: 10262301types 	 Time taken: 31.06s
Round  11 	 Average Loss 2.276 	 Testing accuracy: 27.94 	 CommOverhead_PerIter: 10262297types 	 Time taken: 34.03s
Round  12 	 Average Loss 2.267 	 Testing accuracy: 28.63 	 CommOverhead_PerIter: 10262289types 	 Time taken: 36.98s
Round  13 	 Average Loss 2.266 	 Testing accuracy: 29.38 	 CommOverhead_PerIter: 10262301types 	 Time taken: 39.67s
Round  14 	 Average Loss 2.260 	 Testing accuracy: 32.90 	 CommOverhead_PerIter: 10262293types 	 Time taken: 42.10s
Round  15 	 Average Loss 2.257 	 Testing accuracy: 34.84 	 CommOverhead_PerIter: 10262299types 	 Time taken: 44.54s
Round  16 	 Average Loss 2.247 	 Testing accuracy: 36.35 	 CommOverhead_PerIter: 10262299types 	 Time taken: 46.98s
Round  17 	 Average Loss 2.253 	 Testing accuracy: 37.20 	 CommOverhead_PerIter: 10262309types 	 Time taken: 49.66s
Round  18 	 Average Loss 2.239 	 Testing accuracy: 38.24 	 CommOverhead_PerIter: 10262313types 	 Time taken: 52.30s
Round  19 	 Average Loss 2.242 	 Testing accuracy: 39.09 	 CommOverhead_PerIter: 10262305types 	 Time taken: 54.95s
Round  20 	 Average Loss 2.227 	 Testing accuracy: 39.82 	 CommOverhead_PerIter: 10262297types 	 Time taken: 57.31s
Round  21 	 Average Loss 2.239 	 Testing accuracy: 39.96 	 CommOverhead_PerIter: 10262305types 	 Time taken: 59.68s
Round  22 	 Average Loss 2.218 	 Testing accuracy: 42.15 	 CommOverhead_PerIter: 10262309types 	 Time taken: 62.04s
Round  23 	 Average Loss 2.229 	 Testing accuracy: 42.02 	 CommOverhead_PerIter: 10262295types 	 Time taken: 64.42s
Round  24 	 Average Loss 2.206 	 Testing accuracy: 44.25 	 CommOverhead_PerIter: 10262301types 	 Time taken: 66.75s
Round  25 	 Average Loss 2.215 	 Testing accuracy: 45.04 	 CommOverhead_PerIter: 10262309types 	 Time taken: 69.10s
Round  26 	 Average Loss 2.190 	 Testing accuracy: 44.62 	 CommOverhead_PerIter: 10262305types 	 Time taken: 71.47s
Round  27 	 Average Loss 2.208 	 Testing accuracy: 44.60 	 CommOverhead_PerIter: 10262295types 	 Time taken: 73.82s
Round  28 	 Average Loss 2.183 	 Testing accuracy: 46.50 	 CommOverhead_PerIter: 10262299types 	 Time taken: 76.16s
Round  29 	 Average Loss 2.187 	 Testing accuracy: 47.71 	 CommOverhead_PerIter: 10262299types 	 Time taken: 78.59s
Round  30 	 Average Loss 2.162 	 Testing accuracy: 47.45 	 CommOverhead_PerIter: 10262305types 	 Time taken: 81.07s
Round  31 	 Average Loss 2.171 	 Testing accuracy: 48.38 	 CommOverhead_PerIter: 10262297types 	 Time taken: 83.55s
Round  32 	 Average Loss 2.157 	 Testing accuracy: 48.35 	 CommOverhead_PerIter: 10262299types 	 Time taken: 86.09s
Round  33 	 Average Loss 2.165 	 Testing accuracy: 48.48 	 CommOverhead_PerIter: 10262301types 	 Time taken: 88.47s
Round  34 	 Average Loss 2.141 	 Testing accuracy: 48.42 	 CommOverhead_PerIter: 10262299types 	 Time taken: 90.83s
Round  35 	 Average Loss 2.141 	 Testing accuracy: 49.46 	 CommOverhead_PerIter: 10262297types 	 Time taken: 93.20s
Round  36 	 Average Loss 2.125 	 Testing accuracy: 49.32 	 CommOverhead_PerIter: 10262289types 	 Time taken: 95.54s
Round  37 	 Average Loss 2.150 	 Testing accuracy: 50.14 	 CommOverhead_PerIter: 10262285types 	 Time taken: 97.90s
Round  38 	 Average Loss 2.130 	 Testing accuracy: 50.75 	 CommOverhead_PerIter: 10262301types 	 Time taken: 100.24s
Round  39 	 Average Loss 2.136 	 Testing accuracy: 50.34 	 CommOverhead_PerIter: 10262311types 	 Time taken: 102.60s
Round  40 	 Average Loss 2.116 	 Testing accuracy: 50.34 	 CommOverhead_PerIter: 10262315types 	 Time taken: 104.95s
Round  41 	 Average Loss 2.117 	 Testing accuracy: 51.28 	 CommOverhead_PerIter: 10262299types 	 Time taken: 107.30s
Round  42 	 Average Loss 2.101 	 Testing accuracy: 51.98 	 CommOverhead_PerIter: 10262299types 	 Time taken: 109.64s
Round  43 	 Average Loss 2.093 	 Testing accuracy: 51.47 	 CommOverhead_PerIter: 10262303types 	 Time taken: 111.98s
Round  44 	 Average Loss 2.088 	 Testing accuracy: 50.58 	 CommOverhead_PerIter: 10262307types 	 Time taken: 114.32s
Round  45 	 Average Loss 2.096 	 Testing accuracy: 49.22 	 CommOverhead_PerIter: 10262301types 	 Time taken: 116.67s
Round  46 	 Average Loss 2.075 	 Testing accuracy: 49.08 	 CommOverhead_PerIter: 10262299types 	 Time taken: 119.04s
Round  47 	 Average Loss 2.108 	 Testing accuracy: 49.74 	 CommOverhead_PerIter: 10262291types 	 Time taken: 121.39s
Round  48 	 Average Loss 2.066 	 Testing accuracy: 51.02 	 CommOverhead_PerIter: 10262301types 	 Time taken: 123.73s
Round  49 	 Average Loss 2.093 	 Testing accuracy: 51.36 	 CommOverhead_PerIter: 10262291types 	 Time taken: 126.08s
Round  50 	 Average Loss 2.079 	 Testing accuracy: 51.62 	 CommOverhead_PerIter: 10262295types 	 Time taken: 128.55s
Round  51 	 Average Loss 2.057 	 Testing accuracy: 52.06 	 CommOverhead_PerIter: 10262297types 	 Time taken: 131.24s
Round  52 	 Average Loss 2.056 	 Testing accuracy: 51.90 	 CommOverhead_PerIter: 10262291types 	 Time taken: 133.95s
Round  53 	 Average Loss 2.067 	 Testing accuracy: 52.09 	 CommOverhead_PerIter: 10262295types 	 Time taken: 136.66s
Round  54 	 Average Loss 2.052 	 Testing accuracy: 52.44 	 CommOverhead_PerIter: 10262311types 	 Time taken: 139.37s
Round  55 	 Average Loss 2.065 	 Testing accuracy: 52.36 	 CommOverhead_PerIter: 10262297types 	 Time taken: 142.04s
Round  56 	 Average Loss 2.037 	 Testing accuracy: 52.71 	 CommOverhead_PerIter: 10262297types 	 Time taken: 144.70s
Round  57 	 Average Loss 2.070 	 Testing accuracy: 52.49 	 CommOverhead_PerIter: 10262301types 	 Time taken: 147.46s
Round  58 	 Average Loss 2.024 	 Testing accuracy: 52.66 	 CommOverhead_PerIter: 10262293types 	 Time taken: 150.27s
Round  59 	 Average Loss 2.052 	 Testing accuracy: 52.27 	 CommOverhead_PerIter: 10262299types 	 Time taken: 153.11s
Round  60 	 Average Loss 2.023 	 Testing accuracy: 52.25 	 CommOverhead_PerIter: 10262289types 	 Time taken: 155.97s
Round  61 	 Average Loss 2.046 	 Testing accuracy: 52.54 	 CommOverhead_PerIter: 10262287types 	 Time taken: 158.75s
Round  62 	 Average Loss 2.016 	 Testing accuracy: 52.55 	 CommOverhead_PerIter: 10262301types 	 Time taken: 161.46s
Round  63 	 Average Loss 2.061 	 Testing accuracy: 52.28 	 CommOverhead_PerIter: 10262303types 	 Time taken: 163.78s
Round  64 	 Average Loss 2.033 	 Testing accuracy: 52.93 	 CommOverhead_PerIter: 10262297types 	 Time taken: 166.11s
Round  65 	 Average Loss 2.026 	 Testing accuracy: 53.10 	 CommOverhead_PerIter: 10262301types 	 Time taken: 168.52s
Round  66 	 Average Loss 2.005 	 Testing accuracy: 53.82 	 CommOverhead_PerIter: 10262299types 	 Time taken: 171.24s
Round  67 	 Average Loss 2.034 	 Testing accuracy: 54.34 	 CommOverhead_PerIter: 10262303types 	 Time taken: 173.80s
Round  68 	 Average Loss 2.020 	 Testing accuracy: 54.41 	 CommOverhead_PerIter: 10262303types 	 Time taken: 176.31s
Round  69 	 Average Loss 2.043 	 Testing accuracy: 54.48 	 CommOverhead_PerIter: 10262317types 	 Time taken: 178.81s
Round  70 	 Average Loss 1.992 	 Testing accuracy: 55.08 	 CommOverhead_PerIter: 10262303types 	 Time taken: 181.31s
Round  71 	 Average Loss 2.029 	 Testing accuracy: 55.17 	 CommOverhead_PerIter: 10262299types 	 Time taken: 183.79s
Round  72 	 Average Loss 2.001 	 Testing accuracy: 55.23 	 CommOverhead_PerIter: 10262293types 	 Time taken: 186.26s
Round  73 	 Average Loss 2.034 	 Testing accuracy: 54.71 	 CommOverhead_PerIter: 10262307types 	 Time taken: 188.75s
Round  74 	 Average Loss 1.992 	 Testing accuracy: 54.80 	 CommOverhead_PerIter: 10262305types 	 Time taken: 191.21s
Round  75 	 Average Loss 2.037 	 Testing accuracy: 55.19 	 CommOverhead_PerIter: 10262317types 	 Time taken: 193.69s
Round  76 	 Average Loss 1.996 	 Testing accuracy: 55.05 	 CommOverhead_PerIter: 10262295types 	 Time taken: 196.17s
Round  77 	 Average Loss 2.023 	 Testing accuracy: 54.75 	 CommOverhead_PerIter: 10262315types 	 Time taken: 198.63s
Round  78 	 Average Loss 1.974 	 Testing accuracy: 55.11 	 CommOverhead_PerIter: 10262309types 	 Time taken: 201.10s
Round  79 	 Average Loss 2.030 	 Testing accuracy: 55.54 	 CommOverhead_PerIter: 10262311types 	 Time taken: 203.65s
Round  80 	 Average Loss 1.977 	 Testing accuracy: 55.58 	 CommOverhead_PerIter: 10262319types 	 Time taken: 206.29s
Round  81 	 Average Loss 2.021 	 Testing accuracy: 55.57 	 CommOverhead_PerIter: 10262293types 	 Time taken: 209.21s
Round  82 	 Average Loss 1.959 	 Testing accuracy: 55.22 	 CommOverhead_PerIter: 10262307types 	 Time taken: 212.14s
Round  83 	 Average Loss 2.019 	 Testing accuracy: 55.20 	 CommOverhead_PerIter: 10262309types 	 Time taken: 215.26s
Round  84 	 Average Loss 1.954 	 Testing accuracy: 55.10 	 CommOverhead_PerIter: 10262303types 	 Time taken: 218.46s
Round  85 	 Average Loss 2.015 	 Testing accuracy: 55.38 	 CommOverhead_PerIter: 10262297types 	 Time taken: 221.78s
Round  86 	 Average Loss 1.956 	 Testing accuracy: 55.20 	 CommOverhead_PerIter: 10262295types 	 Time taken: 225.02s
Round  87 	 Average Loss 2.010 	 Testing accuracy: 54.71 	 CommOverhead_PerIter: 10262313types 	 Time taken: 228.29s
Round  88 	 Average Loss 1.981 	 Testing accuracy: 54.79 	 CommOverhead_PerIter: 10262305types 	 Time taken: 231.55s
Round  89 	 Average Loss 2.009 	 Testing accuracy: 55.35 	 CommOverhead_PerIter: 10262307types 	 Time taken: 234.82s
Round  90 	 Average Loss 1.963 	 Testing accuracy: 55.47 	 CommOverhead_PerIter: 10262297types 	 Time taken: 238.09s
Round  91 	 Average Loss 2.020 	 Testing accuracy: 55.47 	 CommOverhead_PerIter: 10262307types 	 Time taken: 241.37s
Round  92 	 Average Loss 1.951 	 Testing accuracy: 55.56 	 CommOverhead_PerIter: 10262309types 	 Time taken: 244.52s
Round  93 	 Average Loss 2.003 	 Testing accuracy: 55.00 	 CommOverhead_PerIter: 10262311types 	 Time taken: 247.58s
Round  94 	 Average Loss 1.957 	 Testing accuracy: 55.10 	 CommOverhead_PerIter: 10262325types 	 Time taken: 250.59s
Round  95 	 Average Loss 2.015 	 Testing accuracy: 55.22 	 CommOverhead_PerIter: 10262313types 	 Time taken: 253.66s
Round  96 	 Average Loss 1.975 	 Testing accuracy: 55.21 	 CommOverhead_PerIter: 10262309types 	 Time taken: 256.70s
Round  97 	 Average Loss 1.998 	 Testing accuracy: 55.17 	 CommOverhead_PerIter: 10262301types 	 Time taken: 259.74s
Round  98 	 Average Loss 1.951 	 Testing accuracy: 55.04 	 CommOverhead_PerIter: 10262305types 	 Time taken: 262.56s
Round  99 	 Average Loss 1.992 	 Testing accuracy: 54.94 	 CommOverhead_PerIter: 10262287types 	 Time taken: 265.19s

========TRAIN END========


===================DATA Round 0-99====================
Test Accuracy: [11.039999961853027, 11.619999885559082, 11.9399995803833, 12.329999923706055, 15.029999732971191, 15.619999885559082, 18.139999389648438, 21.209999084472656, 22.920000076293945, 24.190000534057617, 24.6200008392334, 27.940000534057617, 28.6299991607666, 29.3799991607666, 32.900001525878906, 34.84000015258789, 36.349998474121094, 37.20000076293945, 38.2400016784668, 39.09000015258789, 39.81999969482422, 39.959999084472656, 42.150001525878906, 42.02000045776367, 44.25, 45.040000915527344, 44.619998931884766, 44.599998474121094, 46.5, 47.709999084472656, 47.45000076293945, 48.380001068115234, 48.349998474121094, 48.47999954223633, 48.41999816894531, 49.459999084472656, 49.31999969482422, 50.13999938964844, 50.75, 50.34000015258789, 50.34000015258789, 51.279998779296875, 51.97999954223633, 51.470001220703125, 50.58000183105469, 49.220001220703125, 49.08000183105469, 49.7400016784668, 51.02000045776367, 51.36000061035156, 51.619998931884766, 52.060001373291016, 51.900001525878906, 52.09000015258789, 52.439998626708984, 52.36000061035156, 52.709999084472656, 52.4900016784668, 52.65999984741211, 52.27000045776367, 52.25, 52.540000915527344, 52.54999923706055, 52.279998779296875, 52.93000030517578, 53.099998474121094, 53.81999969482422, 54.34000015258789, 54.40999984741211, 54.47999954223633, 55.08000183105469, 55.16999816894531, 55.22999954223633, 54.709999084472656, 54.79999923706055, 55.189998626708984, 55.04999923706055, 54.75, 55.11000061035156, 55.540000915527344, 55.58000183105469, 55.56999969482422, 55.220001220703125, 55.20000076293945, 55.099998474121094, 55.380001068115234, 55.20000076293945, 54.709999084472656, 54.790000915527344, 55.349998474121094, 55.470001220703125, 55.470001220703125, 55.560001373291016, 55.0, 55.099998474121094, 55.220001220703125, 55.209999084472656, 55.16999816894531, 55.040000915527344, 54.939998626708984]
Train Loss: [2.2967775678634643, 2.3010650634765626, 2.29288076877594, 2.2995207595825193, 2.291146783828735, 2.2902886390686037, 2.2849401807785035, 2.2867217588424684, 2.282187776565552, 2.2822046661376953, 2.2731059074401854, 2.2755874395370483, 2.267459750175476, 2.2656433963775635, 2.2595078849792483, 2.2569086265563967, 2.2474770593643187, 2.252948775291443, 2.2386467242240906, 2.242451591491699, 2.2265003728866577, 2.2385776376724245, 2.2184883689880373, 2.2285339927673338, 2.2056166172027587, 2.2145727252960206, 2.1902483081817627, 2.207643940448761, 2.1828103280067443, 2.1874794149398804, 2.162223212718964, 2.1711461877822877, 2.157371628284454, 2.165201208591461, 2.140736312866211, 2.141178584098816, 2.1246036458015443, 2.1500535440444946, 2.129627821445465, 2.136192944049835, 2.1162375092506407, 2.1173691368103027, 2.1012581253051756, 2.0932711291313173, 2.0876799845695495, 2.0960958433151244, 2.074586868286133, 2.1076847553253173, 2.066035499572754, 2.092762579917908, 2.0786374974250794, 2.056890549659729, 2.05631187915802, 2.067342040538788, 2.051651599407196, 2.0651232743263246, 2.037353992462158, 2.0704622960090635, 2.0236003541946412, 2.052347707748413, 2.023264157772064, 2.046159515380859, 2.0158015584945677, 2.0613717436790466, 2.032544803619385, 2.0257130002975465, 2.0051733899116515, 2.033728985786438, 2.020093307495117, 2.0429186248779296, 1.992473931312561, 2.0289776611328123, 2.00071683883667, 2.0342383575439453, 1.991564450263977, 2.036866555213928, 1.995908455848694, 2.0227134799957276, 1.9736334586143494, 2.030464973449707, 1.9769665503501892, 2.020965054035187, 1.9592186760902406, 2.0194073271751405, 1.9540116834640502, 2.0150710439682005, 1.9560579323768617, 2.010219931602478, 1.9805518889427185, 2.008999178409576, 1.9629301643371582, 2.0200365567207337, 1.9507340908050537, 2.0034816813468934, 1.9574995231628418, 2.014575388431549, 1.9750908565521241, 1.9979461646080017, 1.9514929366111755, 1.9921426796913146]
===================END Round 0-99====================
